[1.100s] Invoking command in '/home/aladine/memoir/multi-robot-exploration-rl-master/build/start_reinforcement_learning': PYTHONPATH=/home/aladine/memoir/multi-robot-exploration-rl-master/build/start_reinforcement_learning/prefix_override:/usr/lib/python3/dist-packages/colcon_core/task/python/colcon_distutils_commands:/home/aladine/memoir/multi-robot-exploration-rl-master/install/start_reinforcement_learning/lib/python3.10/site-packages:${PYTHONPATH} /usr/bin/python3 -W ignore:setup.py install is deprecated -W ignore:easy_install command is deprecated setup.py develop --editable --build-directory /home/aladine/memoir/multi-robot-exploration-rl-master/build/start_reinforcement_learning/build --no-deps symlink_data
[1.604s] running develop
[1.923s] running egg_info
[1.923s] writing start_reinforcement_learning.egg-info/PKG-INFO
[1.923s] writing dependency_links to start_reinforcement_learning.egg-info/dependency_links.txt
[1.924s] writing entry points to start_reinforcement_learning.egg-info/entry_points.txt
[1.924s] writing requirements to start_reinforcement_learning.egg-info/requires.txt
[1.925s] writing top-level names to start_reinforcement_learning.egg-info/top_level.txt
[1.928s] reading manifest file 'start_reinforcement_learning.egg-info/SOURCES.txt'
[1.930s] writing manifest file 'start_reinforcement_learning.egg-info/SOURCES.txt'
[1.932s] running build_ext
[1.933s] Creating /home/aladine/memoir/multi-robot-exploration-rl-master/install/start_reinforcement_learning/lib/python3.10/site-packages/start-reinforcement-learning.egg-link (link to .)
[1.934s] Installing run_algorithm_comparison script to /home/aladine/memoir/multi-robot-exploration-rl-master/install/start_reinforcement_learning/lib/start_reinforcement_learning
[1.934s] Installing run_maddpg script to /home/aladine/memoir/multi-robot-exploration-rl-master/install/start_reinforcement_learning/lib/start_reinforcement_learning
[1.934s] Installing run_mappo script to /home/aladine/memoir/multi-robot-exploration-rl-master/install/start_reinforcement_learning/lib/start_reinforcement_learning
[1.934s] Installing run_mappo_evaluate script to /home/aladine/memoir/multi-robot-exploration-rl-master/install/start_reinforcement_learning/lib/start_reinforcement_learning
[1.935s] 
[1.935s] Installed /home/aladine/memoir/multi-robot-exploration-rl-master/build/start_reinforcement_learning
[1.935s] running symlink_data
[1.981s] Invoked command in '/home/aladine/memoir/multi-robot-exploration-rl-master/build/start_reinforcement_learning' returned '0': PYTHONPATH=/home/aladine/memoir/multi-robot-exploration-rl-master/build/start_reinforcement_learning/prefix_override:/usr/lib/python3/dist-packages/colcon_core/task/python/colcon_distutils_commands:/home/aladine/memoir/multi-robot-exploration-rl-master/install/start_reinforcement_learning/lib/python3.10/site-packages:${PYTHONPATH} /usr/bin/python3 -W ignore:setup.py install is deprecated -W ignore:easy_install command is deprecated setup.py develop --editable --build-directory /home/aladine/memoir/multi-robot-exploration-rl-master/build/start_reinforcement_learning/build --no-deps symlink_data
