[0.142s] DEBUG:colcon:Command line arguments: ['/usr/bin/colcon', 'build', '--symlink-install']
[0.142s] DEBUG:colcon:Parsed command line arguments: Namespace(log_base=None, log_level=None, verb_name='build', build_base='build', install_base='install', merge_install=False, symlink_install=True, test_result_base=None, continue_on_error=False, executor='parallel', parallel_workers=4, event_handlers=None, ignore_user_meta=False, metas=['./colcon.meta'], base_paths=['.'], packages_ignore=None, packages_ignore_regex=None, paths=None, packages_up_to=None, packages_up_to_regex=None, packages_above=None, packages_above_and_dependencies=None, packages_above_depth=None, packages_select_by_dep=None, packages_skip_by_dep=None, packages_skip_up_to=None, packages_select_build_failed=False, packages_skip_build_finished=False, packages_select_test_failures=False, packages_skip_test_passed=False, packages_select=None, packages_skip=None, packages_select_regex=None, packages_skip_regex=None, packages_start=None, packages_end=None, allow_overriding=[], cmake_args=None, cmake_target=None, cmake_target_skip_unavailable=False, cmake_clean_cache=False, cmake_clean_first=False, cmake_force_configure=False, ament_cmake_args=None, catkin_cmake_args=None, catkin_skip_building_tests=False, verb_parser=<colcon_defaults.argument_parser.defaults.DefaultArgumentsDecorator object at 0x7b7fc8c75f30>, verb_extension=<colcon_core.verb.build.BuildVerb object at 0x7b7fc8c75930>, main=<bound method BuildVerb.main of <colcon_core.verb.build.BuildVerb object at 0x7b7fc8c75930>>)
[0.411s] Level 1:colcon.colcon_core.package_discovery:discover_packages(colcon_meta) check parameters
[0.411s] Level 1:colcon.colcon_core.package_discovery:discover_packages(recursive) check parameters
[0.411s] Level 1:colcon.colcon_core.package_discovery:discover_packages(ignore) check parameters
[0.412s] Level 1:colcon.colcon_core.package_discovery:discover_packages(path) check parameters
[0.412s] Level 1:colcon.colcon_core.package_discovery:discover_packages(colcon_meta) discover
[0.412s] Level 1:colcon.colcon_core.package_discovery:discover_packages(recursive) discover
[0.412s] INFO:colcon.colcon_core.package_discovery:Crawling recursively for packages in '/home/aladine/memoir/multi-robot-exploration-rl-master'
[0.412s] Level 1:colcon.colcon_core.package_identification:_identify(.) by extensions ['ignore', 'ignore_ament_install']
[0.412s] Level 1:colcon.colcon_core.package_identification:_identify(.) by extension 'ignore'
[0.412s] Level 1:colcon.colcon_core.package_identification:_identify(.) by extension 'ignore_ament_install'
[0.412s] Level 1:colcon.colcon_core.package_identification:_identify(.) by extensions ['colcon_pkg']
[0.412s] Level 1:colcon.colcon_core.package_identification:_identify(.) by extension 'colcon_pkg'
[0.412s] Level 1:colcon.colcon_core.package_identification:_identify(.) by extensions ['colcon_meta']
[0.412s] Level 1:colcon.colcon_core.package_identification:_identify(.) by extension 'colcon_meta'
[0.412s] Level 1:colcon.colcon_core.package_identification:_identify(.) by extensions ['ros']
[0.412s] Level 1:colcon.colcon_core.package_identification:_identify(.) by extension 'ros'
[0.427s] Level 1:colcon.colcon_core.package_identification:_identify(.) by extensions ['cmake', 'python']
[0.428s] Level 1:colcon.colcon_core.package_identification:_identify(.) by extension 'cmake'
[0.428s] Level 1:colcon.colcon_core.package_identification:_identify(.) by extension 'python'
[0.428s] Level 1:colcon.colcon_core.package_identification:_identify(.) by extensions ['python_setup_py']
[0.428s] Level 1:colcon.colcon_core.package_identification:_identify(.) by extension 'python_setup_py'
[0.428s] Level 1:colcon.colcon_core.package_identification:_identify(build) by extensions ['ignore', 'ignore_ament_install']
[0.428s] Level 1:colcon.colcon_core.package_identification:_identify(build) by extension 'ignore'
[0.428s] Level 1:colcon.colcon_core.package_identification:_identify(build) ignored
[0.428s] Level 1:colcon.colcon_core.package_identification:_identify(images) by extensions ['ignore', 'ignore_ament_install']
[0.429s] Level 1:colcon.colcon_core.package_identification:_identify(images) by extension 'ignore'
[0.429s] Level 1:colcon.colcon_core.package_identification:_identify(images) by extension 'ignore_ament_install'
[0.429s] Level 1:colcon.colcon_core.package_identification:_identify(images) by extensions ['colcon_pkg']
[0.429s] Level 1:colcon.colcon_core.package_identification:_identify(images) by extension 'colcon_pkg'
[0.429s] Level 1:colcon.colcon_core.package_identification:_identify(images) by extensions ['colcon_meta']
[0.429s] Level 1:colcon.colcon_core.package_identification:_identify(images) by extension 'colcon_meta'
[0.429s] Level 1:colcon.colcon_core.package_identification:_identify(images) by extensions ['ros']
[0.429s] Level 1:colcon.colcon_core.package_identification:_identify(images) by extension 'ros'
[0.429s] Level 1:colcon.colcon_core.package_identification:_identify(images) by extensions ['cmake', 'python']
[0.429s] Level 1:colcon.colcon_core.package_identification:_identify(images) by extension 'cmake'
[0.429s] Level 1:colcon.colcon_core.package_identification:_identify(images) by extension 'python'
[0.429s] Level 1:colcon.colcon_core.package_identification:_identify(images) by extensions ['python_setup_py']
[0.429s] Level 1:colcon.colcon_core.package_identification:_identify(images) by extension 'python_setup_py'
[0.430s] Level 1:colcon.colcon_core.package_identification:_identify(install) by extensions ['ignore', 'ignore_ament_install']
[0.430s] Level 1:colcon.colcon_core.package_identification:_identify(install) by extension 'ignore'
[0.430s] Level 1:colcon.colcon_core.package_identification:_identify(install) ignored
[0.430s] Level 1:colcon.colcon_core.package_identification:_identify(log) by extensions ['ignore', 'ignore_ament_install']
[0.430s] Level 1:colcon.colcon_core.package_identification:_identify(log) by extension 'ignore'
[0.430s] Level 1:colcon.colcon_core.package_identification:_identify(log) ignored
[0.430s] Level 1:colcon.colcon_core.package_identification:_identify(src) by extensions ['ignore', 'ignore_ament_install']
[0.431s] Level 1:colcon.colcon_core.package_identification:_identify(src) by extension 'ignore'
[0.431s] Level 1:colcon.colcon_core.package_identification:_identify(src) by extension 'ignore_ament_install'
[0.431s] Level 1:colcon.colcon_core.package_identification:_identify(src) by extensions ['colcon_pkg']
[0.431s] Level 1:colcon.colcon_core.package_identification:_identify(src) by extension 'colcon_pkg'
[0.431s] Level 1:colcon.colcon_core.package_identification:_identify(src) by extensions ['colcon_meta']
[0.431s] Level 1:colcon.colcon_core.package_identification:_identify(src) by extension 'colcon_meta'
[0.431s] Level 1:colcon.colcon_core.package_identification:_identify(src) by extensions ['ros']
[0.431s] Level 1:colcon.colcon_core.package_identification:_identify(src) by extension 'ros'
[0.431s] Level 1:colcon.colcon_core.package_identification:_identify(src) by extensions ['cmake', 'python']
[0.431s] Level 1:colcon.colcon_core.package_identification:_identify(src) by extension 'cmake'
[0.431s] Level 1:colcon.colcon_core.package_identification:_identify(src) by extension 'python'
[0.431s] Level 1:colcon.colcon_core.package_identification:_identify(src) by extensions ['python_setup_py']
[0.431s] Level 1:colcon.colcon_core.package_identification:_identify(src) by extension 'python_setup_py'
[0.431s] Level 1:colcon.colcon_core.package_identification:_identify(src/start_reinforcement_learning) by extensions ['ignore', 'ignore_ament_install']
[0.432s] Level 1:colcon.colcon_core.package_identification:_identify(src/start_reinforcement_learning) by extension 'ignore'
[0.432s] Level 1:colcon.colcon_core.package_identification:_identify(src/start_reinforcement_learning) by extension 'ignore_ament_install'
[0.432s] Level 1:colcon.colcon_core.package_identification:_identify(src/start_reinforcement_learning) by extensions ['colcon_pkg']
[0.432s] Level 1:colcon.colcon_core.package_identification:_identify(src/start_reinforcement_learning) by extension 'colcon_pkg'
[0.432s] Level 1:colcon.colcon_core.package_identification:_identify(src/start_reinforcement_learning) by extensions ['colcon_meta']
[0.432s] Level 1:colcon.colcon_core.package_identification:_identify(src/start_reinforcement_learning) by extension 'colcon_meta'
[0.432s] Level 1:colcon.colcon_core.package_identification:_identify(src/start_reinforcement_learning) by extensions ['ros']
[0.432s] Level 1:colcon.colcon_core.package_identification:_identify(src/start_reinforcement_learning) by extension 'ros'
[0.446s] DEBUG:colcon.colcon_core.package_identification:Package 'src/start_reinforcement_learning' with type 'ros.ament_python' and name 'start_reinforcement_learning'
[0.446s] Level 1:colcon.colcon_core.package_identification:_identify(src/start_rl_environment) by extensions ['ignore', 'ignore_ament_install']
[0.446s] Level 1:colcon.colcon_core.package_identification:_identify(src/start_rl_environment) by extension 'ignore'
[0.446s] Level 1:colcon.colcon_core.package_identification:_identify(src/start_rl_environment) by extension 'ignore_ament_install'
[0.446s] Level 1:colcon.colcon_core.package_identification:_identify(src/start_rl_environment) by extensions ['colcon_pkg']
[0.446s] Level 1:colcon.colcon_core.package_identification:_identify(src/start_rl_environment) by extension 'colcon_pkg'
[0.446s] Level 1:colcon.colcon_core.package_identification:_identify(src/start_rl_environment) by extensions ['colcon_meta']
[0.446s] Level 1:colcon.colcon_core.package_identification:_identify(src/start_rl_environment) by extension 'colcon_meta'
[0.446s] Level 1:colcon.colcon_core.package_identification:_identify(src/start_rl_environment) by extensions ['ros']
[0.447s] Level 1:colcon.colcon_core.package_identification:_identify(src/start_rl_environment) by extension 'ros'
[0.447s] DEBUG:colcon.colcon_core.package_identification:Package 'src/start_rl_environment' with type 'ros.ament_cmake' and name 'start_rl_environment'
[0.448s] Level 1:colcon.colcon_core.package_discovery:discover_packages(recursive) using defaults
[0.448s] Level 1:colcon.colcon_core.package_discovery:discover_packages(ignore) discover
[0.448s] Level 1:colcon.colcon_core.package_discovery:discover_packages(ignore) using defaults
[0.448s] Level 1:colcon.colcon_core.package_discovery:discover_packages(path) discover
[0.448s] Level 1:colcon.colcon_core.package_discovery:discover_packages(path) using defaults
[0.472s] Level 1:colcon.colcon_core.package_discovery:discover_packages(prefix_path) check parameters
[0.473s] Level 1:colcon.colcon_core.package_discovery:discover_packages(prefix_path) discover
[0.476s] DEBUG:colcon.colcon_installed_package_information.package_discovery:Found 2 installed packages in /home/aladine/memoir/multi-robot-exploration-rl-master/install
[0.479s] DEBUG:colcon.colcon_installed_package_information.package_discovery:Found 427 installed packages in /opt/ros/humble
[0.482s] Level 1:colcon.colcon_core.package_discovery:discover_packages(prefix_path) using defaults
[0.550s] Level 5:colcon.colcon_core.verb:set package 'start_reinforcement_learning' build argument 'cmake_args' from command line to 'None'
[0.550s] Level 5:colcon.colcon_core.verb:set package 'start_reinforcement_learning' build argument 'cmake_target' from command line to 'None'
[0.550s] Level 5:colcon.colcon_core.verb:set package 'start_reinforcement_learning' build argument 'cmake_target_skip_unavailable' from command line to 'False'
[0.550s] Level 5:colcon.colcon_core.verb:set package 'start_reinforcement_learning' build argument 'cmake_clean_cache' from command line to 'False'
[0.550s] Level 5:colcon.colcon_core.verb:set package 'start_reinforcement_learning' build argument 'cmake_clean_first' from command line to 'False'
[0.550s] Level 5:colcon.colcon_core.verb:set package 'start_reinforcement_learning' build argument 'cmake_force_configure' from command line to 'False'
[0.550s] Level 5:colcon.colcon_core.verb:set package 'start_reinforcement_learning' build argument 'ament_cmake_args' from command line to 'None'
[0.550s] Level 5:colcon.colcon_core.verb:set package 'start_reinforcement_learning' build argument 'catkin_cmake_args' from command line to 'None'
[0.550s] Level 5:colcon.colcon_core.verb:set package 'start_reinforcement_learning' build argument 'catkin_skip_building_tests' from command line to 'False'
[0.550s] DEBUG:colcon.colcon_core.verb:Building package 'start_reinforcement_learning' with the following arguments: {'ament_cmake_args': None, 'build_base': '/home/aladine/memoir/multi-robot-exploration-rl-master/build/start_reinforcement_learning', 'catkin_cmake_args': None, 'catkin_skip_building_tests': False, 'cmake_args': None, 'cmake_clean_cache': False, 'cmake_clean_first': False, 'cmake_force_configure': False, 'cmake_target': None, 'cmake_target_skip_unavailable': False, 'install_base': '/home/aladine/memoir/multi-robot-exploration-rl-master/install/start_reinforcement_learning', 'merge_install': False, 'path': '/home/aladine/memoir/multi-robot-exploration-rl-master/src/start_reinforcement_learning', 'symlink_install': True, 'test_result_base': None}
[0.551s] Level 5:colcon.colcon_core.verb:set package 'start_rl_environment' build argument 'cmake_args' from command line to 'None'
[0.551s] Level 5:colcon.colcon_core.verb:set package 'start_rl_environment' build argument 'cmake_target' from command line to 'None'
[0.551s] Level 5:colcon.colcon_core.verb:set package 'start_rl_environment' build argument 'cmake_target_skip_unavailable' from command line to 'False'
[0.551s] Level 5:colcon.colcon_core.verb:set package 'start_rl_environment' build argument 'cmake_clean_cache' from command line to 'False'
[0.551s] Level 5:colcon.colcon_core.verb:set package 'start_rl_environment' build argument 'cmake_clean_first' from command line to 'False'
[0.551s] Level 5:colcon.colcon_core.verb:set package 'start_rl_environment' build argument 'cmake_force_configure' from command line to 'False'
[0.551s] Level 5:colcon.colcon_core.verb:set package 'start_rl_environment' build argument 'ament_cmake_args' from command line to 'None'
[0.551s] Level 5:colcon.colcon_core.verb:set package 'start_rl_environment' build argument 'catkin_cmake_args' from command line to 'None'
[0.551s] Level 5:colcon.colcon_core.verb:set package 'start_rl_environment' build argument 'catkin_skip_building_tests' from command line to 'False'
[0.551s] DEBUG:colcon.colcon_core.verb:Building package 'start_rl_environment' with the following arguments: {'ament_cmake_args': None, 'build_base': '/home/aladine/memoir/multi-robot-exploration-rl-master/build/start_rl_environment', 'catkin_cmake_args': None, 'catkin_skip_building_tests': False, 'cmake_args': None, 'cmake_clean_cache': False, 'cmake_clean_first': False, 'cmake_force_configure': False, 'cmake_target': None, 'cmake_target_skip_unavailable': False, 'install_base': '/home/aladine/memoir/multi-robot-exploration-rl-master/install/start_rl_environment', 'merge_install': False, 'path': '/home/aladine/memoir/multi-robot-exploration-rl-master/src/start_rl_environment', 'symlink_install': True, 'test_result_base': None}
[0.552s] INFO:colcon.colcon_core.executor:Executing jobs using 'parallel' executor
[0.553s] DEBUG:colcon.colcon_parallel_executor.executor.parallel:run_until_complete
[0.553s] INFO:colcon.colcon_ros.task.ament_python.build:Building ROS package in '/home/aladine/memoir/multi-robot-exploration-rl-master/src/start_reinforcement_learning' with build type 'ament_python'
[0.554s] Level 1:colcon.colcon_core.shell:create_environment_hook('start_reinforcement_learning', 'ament_prefix_path')
[0.557s] INFO:colcon.colcon_core.plugin_system:Skipping extension 'colcon_core.shell.bat': Not used on non-Windows systems
[0.557s] INFO:colcon.colcon_core.shell:Creating environment hook '/home/aladine/memoir/multi-robot-exploration-rl-master/install/start_reinforcement_learning/share/start_reinforcement_learning/hook/ament_prefix_path.ps1'
[0.558s] INFO:colcon.colcon_core.shell:Creating environment descriptor '/home/aladine/memoir/multi-robot-exploration-rl-master/install/start_reinforcement_learning/share/start_reinforcement_learning/hook/ament_prefix_path.dsv'
[0.558s] INFO:colcon.colcon_core.shell:Creating environment hook '/home/aladine/memoir/multi-robot-exploration-rl-master/install/start_reinforcement_learning/share/start_reinforcement_learning/hook/ament_prefix_path.sh'
[0.560s] INFO:colcon.colcon_core.shell:Skip shell extension 'powershell' for command environment: Not usable outside of PowerShell
[0.560s] DEBUG:colcon.colcon_core.shell:Skip shell extension 'dsv' for command environment
[0.565s] INFO:colcon.colcon_ros.task.ament_cmake.build:Building ROS package in '/home/aladine/memoir/multi-robot-exploration-rl-master/src/start_rl_environment' with build type 'ament_cmake'
[0.566s] INFO:colcon.colcon_cmake.task.cmake.build:Building CMake package in '/home/aladine/memoir/multi-robot-exploration-rl-master/src/start_rl_environment'
[0.567s] INFO:colcon.colcon_core.shell:Skip shell extension 'powershell' for command environment: Not usable outside of PowerShell
[0.567s] DEBUG:colcon.colcon_core.shell:Skip shell extension 'dsv' for command environment
[1.041s] INFO:colcon.colcon_core.task.python.build:Building Python package in '/home/aladine/memoir/multi-robot-exploration-rl-master/src/start_reinforcement_learning'
[1.041s] INFO:colcon.colcon_core.shell:Skip shell extension 'powershell' for command environment: Not usable outside of PowerShell
[1.042s] DEBUG:colcon.colcon_core.shell:Skip shell extension 'dsv' for command environment
[1.051s] DEBUG:colcon.colcon_core.event_handler.log_command:Invoking command in '/home/aladine/memoir/multi-robot-exploration-rl-master/build/start_rl_environment': CMAKE_PREFIX_PATH=${CMAKE_PREFIX_PATH}:/home/aladine/memoir/multi-robot-exploration-rl-master/install/start_reinforcement_learning:/opt/ros/humble /usr/bin/cmake --build /home/aladine/memoir/multi-robot-exploration-rl-master/build/start_rl_environment -- -j4 -l4
[1.110s] DEBUG:colcon.colcon_core.event_handler.log_command:Invoked command in '/home/aladine/memoir/multi-robot-exploration-rl-master/build/start_rl_environment' returned '0': CMAKE_PREFIX_PATH=${CMAKE_PREFIX_PATH}:/home/aladine/memoir/multi-robot-exploration-rl-master/install/start_reinforcement_learning:/opt/ros/humble /usr/bin/cmake --build /home/aladine/memoir/multi-robot-exploration-rl-master/build/start_rl_environment -- -j4 -l4
[1.125s] DEBUG:colcon.colcon_core.event_handler.log_command:Invoking command in '/home/aladine/memoir/multi-robot-exploration-rl-master/build/start_rl_environment': CMAKE_PREFIX_PATH=${CMAKE_PREFIX_PATH}:/home/aladine/memoir/multi-robot-exploration-rl-master/install/start_reinforcement_learning:/opt/ros/humble /usr/bin/cmake --install /home/aladine/memoir/multi-robot-exploration-rl-master/build/start_rl_environment
[1.163s] Level 1:colcon.colcon_core.environment:create_environment_scripts_only(start_rl_environment)
[1.164s] DEBUG:colcon.colcon_core.event_handler.log_command:Invoked command in '/home/aladine/memoir/multi-robot-exploration-rl-master/build/start_rl_environment' returned '0': CMAKE_PREFIX_PATH=${CMAKE_PREFIX_PATH}:/home/aladine/memoir/multi-robot-exploration-rl-master/install/start_reinforcement_learning:/opt/ros/humble /usr/bin/cmake --install /home/aladine/memoir/multi-robot-exploration-rl-master/build/start_rl_environment
[1.167s] Level 1:colcon.colcon_core.environment:checking '/home/aladine/memoir/multi-robot-exploration-rl-master/install/start_rl_environment' for CMake module files
[1.168s] Level 1:colcon.colcon_core.environment:checking '/home/aladine/memoir/multi-robot-exploration-rl-master/install/start_rl_environment' for CMake config files
[1.169s] Level 1:colcon.colcon_core.shell:create_environment_hook('start_rl_environment', 'cmake_prefix_path')
[1.169s] INFO:colcon.colcon_core.shell:Creating environment hook '/home/aladine/memoir/multi-robot-exploration-rl-master/install/start_rl_environment/share/start_rl_environment/hook/cmake_prefix_path.ps1'
[1.170s] INFO:colcon.colcon_core.shell:Creating environment descriptor '/home/aladine/memoir/multi-robot-exploration-rl-master/install/start_rl_environment/share/start_rl_environment/hook/cmake_prefix_path.dsv'
[1.171s] INFO:colcon.colcon_core.shell:Creating environment hook '/home/aladine/memoir/multi-robot-exploration-rl-master/install/start_rl_environment/share/start_rl_environment/hook/cmake_prefix_path.sh'
[1.172s] Level 1:colcon.colcon_core.environment:checking '/home/aladine/memoir/multi-robot-exploration-rl-master/install/start_rl_environment/bin'
[1.172s] Level 1:colcon.colcon_core.environment:checking '/home/aladine/memoir/multi-robot-exploration-rl-master/install/start_rl_environment/lib/pkgconfig/start_rl_environment.pc'
[1.172s] Level 1:colcon.colcon_core.environment:checking '/home/aladine/memoir/multi-robot-exploration-rl-master/install/start_rl_environment/lib/python3.10/site-packages'
[1.173s] Level 1:colcon.colcon_core.environment:checking '/home/aladine/memoir/multi-robot-exploration-rl-master/install/start_rl_environment/bin'
[1.173s] INFO:colcon.colcon_core.shell:Creating package script '/home/aladine/memoir/multi-robot-exploration-rl-master/install/start_rl_environment/share/start_rl_environment/package.ps1'
[1.174s] INFO:colcon.colcon_core.shell:Creating package descriptor '/home/aladine/memoir/multi-robot-exploration-rl-master/install/start_rl_environment/share/start_rl_environment/package.dsv'
[1.175s] INFO:colcon.colcon_core.shell:Creating package script '/home/aladine/memoir/multi-robot-exploration-rl-master/install/start_rl_environment/share/start_rl_environment/package.sh'
[1.176s] INFO:colcon.colcon_core.shell:Creating package script '/home/aladine/memoir/multi-robot-exploration-rl-master/install/start_rl_environment/share/start_rl_environment/package.bash'
[1.178s] INFO:colcon.colcon_core.shell:Creating package script '/home/aladine/memoir/multi-robot-exploration-rl-master/install/start_rl_environment/share/start_rl_environment/package.zsh'
[1.179s] Level 1:colcon.colcon_core.environment:create_file_with_runtime_dependencies(/home/aladine/memoir/multi-robot-exploration-rl-master/install/start_rl_environment/share/colcon-core/packages/start_rl_environment)
[1.180s] Level 1:colcon.colcon_core.environment:create_environment_scripts_only(start_rl_environment)
[1.180s] Level 1:colcon.colcon_core.environment:checking '/home/aladine/memoir/multi-robot-exploration-rl-master/install/start_rl_environment' for CMake module files
[1.181s] Level 1:colcon.colcon_core.environment:checking '/home/aladine/memoir/multi-robot-exploration-rl-master/install/start_rl_environment' for CMake config files
[1.182s] Level 1:colcon.colcon_core.shell:create_environment_hook('start_rl_environment', 'cmake_prefix_path')
[1.182s] INFO:colcon.colcon_core.shell:Creating environment hook '/home/aladine/memoir/multi-robot-exploration-rl-master/install/start_rl_environment/share/start_rl_environment/hook/cmake_prefix_path.ps1'
[1.183s] INFO:colcon.colcon_core.shell:Creating environment descriptor '/home/aladine/memoir/multi-robot-exploration-rl-master/install/start_rl_environment/share/start_rl_environment/hook/cmake_prefix_path.dsv'
[1.184s] INFO:colcon.colcon_core.shell:Creating environment hook '/home/aladine/memoir/multi-robot-exploration-rl-master/install/start_rl_environment/share/start_rl_environment/hook/cmake_prefix_path.sh'
[1.185s] Level 1:colcon.colcon_core.environment:checking '/home/aladine/memoir/multi-robot-exploration-rl-master/install/start_rl_environment/bin'
[1.185s] Level 1:colcon.colcon_core.environment:checking '/home/aladine/memoir/multi-robot-exploration-rl-master/install/start_rl_environment/lib/pkgconfig/start_rl_environment.pc'
[1.185s] Level 1:colcon.colcon_core.environment:checking '/home/aladine/memoir/multi-robot-exploration-rl-master/install/start_rl_environment/lib/python3.10/site-packages'
[1.186s] Level 1:colcon.colcon_core.environment:checking '/home/aladine/memoir/multi-robot-exploration-rl-master/install/start_rl_environment/bin'
[1.186s] INFO:colcon.colcon_core.shell:Creating package script '/home/aladine/memoir/multi-robot-exploration-rl-master/install/start_rl_environment/share/start_rl_environment/package.ps1'
[1.187s] INFO:colcon.colcon_core.shell:Creating package descriptor '/home/aladine/memoir/multi-robot-exploration-rl-master/install/start_rl_environment/share/start_rl_environment/package.dsv'
[1.188s] INFO:colcon.colcon_core.shell:Creating package script '/home/aladine/memoir/multi-robot-exploration-rl-master/install/start_rl_environment/share/start_rl_environment/package.sh'
[1.188s] INFO:colcon.colcon_core.shell:Creating package script '/home/aladine/memoir/multi-robot-exploration-rl-master/install/start_rl_environment/share/start_rl_environment/package.bash'
[1.189s] INFO:colcon.colcon_core.shell:Creating package script '/home/aladine/memoir/multi-robot-exploration-rl-master/install/start_rl_environment/share/start_rl_environment/package.zsh'
[1.190s] Level 1:colcon.colcon_core.environment:create_file_with_runtime_dependencies(/home/aladine/memoir/multi-robot-exploration-rl-master/install/start_rl_environment/share/colcon-core/packages/start_rl_environment)
[1.622s] DEBUG:colcon.colcon_core.task.python.build:While undoing a previous installation files outside the Python library path are being ignored: /home/aladine/memoir/multi-robot-exploration-rl-master/install/start_reinforcement_learning/share/ament_index/resource_index/packages/start_reinforcement_learning
[1.622s] DEBUG:colcon.colcon_core.task.python.build:While undoing a previous installation files outside the Python library path are being ignored: /home/aladine/memoir/multi-robot-exploration-rl-master/install/start_reinforcement_learning/share/start_reinforcement_learning/package.xml
[1.622s] DEBUG:colcon.colcon_core.task.python.build:While undoing a previous installation files outside the Python library path are being ignored: /home/aladine/memoir/multi-robot-exploration-rl-master/install/start_reinforcement_learning/share/start_reinforcement_learning/launch/start_learning.launch.py
[1.622s] DEBUG:colcon.colcon_core.task.python.build:While undoing a previous installation files outside the Python library path are being ignored: /home/aladine/memoir/multi-robot-exploration-rl-master/install/start_reinforcement_learning/share/start_reinforcement_learning/launch/evaluate.launch.py
[1.622s] DEBUG:colcon.colcon_core.task.python.build:While undoing a previous installation files outside the Python library path are being ignored: /home/aladine/memoir/multi-robot-exploration-rl-master/install/start_reinforcement_learning/lib/start_reinforcement_learning/run_maddpg
[1.623s] DEBUG:colcon.colcon_core.task.python.build:While undoing a previous installation files outside the Python library path are being ignored: /home/aladine/memoir/multi-robot-exploration-rl-master/install/start_reinforcement_learning/lib/start_reinforcement_learning/run_mappo
[1.623s] DEBUG:colcon.colcon_core.task.python.build:While undoing a previous installation files outside the Python library path are being ignored: /home/aladine/memoir/multi-robot-exploration-rl-master/install/start_reinforcement_learning/lib/start_reinforcement_learning/run_mappo_evaluate
[1.626s] DEBUG:colcon.colcon_core.event_handler.log_command:Invoking command in '/home/aladine/memoir/multi-robot-exploration-rl-master/build/start_reinforcement_learning': PYTHONPATH=/home/aladine/memoir/multi-robot-exploration-rl-master/build/start_reinforcement_learning/prefix_override:/usr/lib/python3/dist-packages/colcon_core/task/python/colcon_distutils_commands:/home/aladine/memoir/multi-robot-exploration-rl-master/install/start_reinforcement_learning/lib/python3.10/site-packages:${PYTHONPATH} /usr/bin/python3 -W ignore:setup.py install is deprecated -W ignore:easy_install command is deprecated setup.py develop --editable --build-directory /home/aladine/memoir/multi-robot-exploration-rl-master/build/start_reinforcement_learning/build --no-deps symlink_data --force
[2.354s] Level 1:colcon.colcon_core.shell:create_environment_hook('start_reinforcement_learning', 'pythonpath_develop')
[2.354s] INFO:colcon.colcon_core.shell:Creating environment hook '/home/aladine/memoir/multi-robot-exploration-rl-master/build/start_reinforcement_learning/share/start_reinforcement_learning/hook/pythonpath_develop.ps1'
[2.355s] DEBUG:colcon.colcon_core.event_handler.log_command:Invoked command in '/home/aladine/memoir/multi-robot-exploration-rl-master/build/start_reinforcement_learning' returned '0': PYTHONPATH=/home/aladine/memoir/multi-robot-exploration-rl-master/build/start_reinforcement_learning/prefix_override:/usr/lib/python3/dist-packages/colcon_core/task/python/colcon_distutils_commands:/home/aladine/memoir/multi-robot-exploration-rl-master/install/start_reinforcement_learning/lib/python3.10/site-packages:${PYTHONPATH} /usr/bin/python3 -W ignore:setup.py install is deprecated -W ignore:easy_install command is deprecated setup.py develop --editable --build-directory /home/aladine/memoir/multi-robot-exploration-rl-master/build/start_reinforcement_learning/build --no-deps symlink_data --force
[2.355s] INFO:colcon.colcon_core.shell:Creating environment descriptor '/home/aladine/memoir/multi-robot-exploration-rl-master/build/start_reinforcement_learning/share/start_reinforcement_learning/hook/pythonpath_develop.dsv'
[2.356s] INFO:colcon.colcon_core.shell:Creating environment hook '/home/aladine/memoir/multi-robot-exploration-rl-master/build/start_reinforcement_learning/share/start_reinforcement_learning/hook/pythonpath_develop.sh'
[2.357s] Level 1:colcon.colcon_core.environment:checking '/home/aladine/memoir/multi-robot-exploration-rl-master/install/start_reinforcement_learning' for CMake module files
[2.358s] Level 1:colcon.colcon_core.environment:checking '/home/aladine/memoir/multi-robot-exploration-rl-master/install/start_reinforcement_learning' for CMake config files
[2.359s] Level 1:colcon.colcon_core.environment:checking '/home/aladine/memoir/multi-robot-exploration-rl-master/install/start_reinforcement_learning/lib'
[2.359s] Level 1:colcon.colcon_core.environment:checking '/home/aladine/memoir/multi-robot-exploration-rl-master/install/start_reinforcement_learning/bin'
[2.359s] Level 1:colcon.colcon_core.environment:checking '/home/aladine/memoir/multi-robot-exploration-rl-master/install/start_reinforcement_learning/lib/pkgconfig/start_reinforcement_learning.pc'
[2.360s] Level 1:colcon.colcon_core.environment:checking '/home/aladine/memoir/multi-robot-exploration-rl-master/install/start_reinforcement_learning/lib/python3.10/site-packages'
[2.360s] Level 1:colcon.colcon_core.shell:create_environment_hook('start_reinforcement_learning', 'pythonpath')
[2.360s] INFO:colcon.colcon_core.shell:Creating environment hook '/home/aladine/memoir/multi-robot-exploration-rl-master/install/start_reinforcement_learning/share/start_reinforcement_learning/hook/pythonpath.ps1'
[2.361s] INFO:colcon.colcon_core.shell:Creating environment descriptor '/home/aladine/memoir/multi-robot-exploration-rl-master/install/start_reinforcement_learning/share/start_reinforcement_learning/hook/pythonpath.dsv'
[2.361s] INFO:colcon.colcon_core.shell:Creating environment hook '/home/aladine/memoir/multi-robot-exploration-rl-master/install/start_reinforcement_learning/share/start_reinforcement_learning/hook/pythonpath.sh'
[2.362s] Level 1:colcon.colcon_core.environment:checking '/home/aladine/memoir/multi-robot-exploration-rl-master/install/start_reinforcement_learning/bin'
[2.362s] Level 1:colcon.colcon_core.environment:create_environment_scripts_only(start_reinforcement_learning)
[2.363s] INFO:colcon.colcon_core.shell:Creating package script '/home/aladine/memoir/multi-robot-exploration-rl-master/install/start_reinforcement_learning/share/start_reinforcement_learning/package.ps1'
[2.364s] INFO:colcon.colcon_core.shell:Creating package descriptor '/home/aladine/memoir/multi-robot-exploration-rl-master/install/start_reinforcement_learning/share/start_reinforcement_learning/package.dsv'
[2.364s] INFO:colcon.colcon_core.shell:Creating package script '/home/aladine/memoir/multi-robot-exploration-rl-master/install/start_reinforcement_learning/share/start_reinforcement_learning/package.sh'
[2.365s] INFO:colcon.colcon_core.shell:Creating package script '/home/aladine/memoir/multi-robot-exploration-rl-master/install/start_reinforcement_learning/share/start_reinforcement_learning/package.bash'
[2.366s] INFO:colcon.colcon_core.shell:Creating package script '/home/aladine/memoir/multi-robot-exploration-rl-master/install/start_reinforcement_learning/share/start_reinforcement_learning/package.zsh'
[2.366s] Level 1:colcon.colcon_core.environment:create_file_with_runtime_dependencies(/home/aladine/memoir/multi-robot-exploration-rl-master/install/start_reinforcement_learning/share/colcon-core/packages/start_reinforcement_learning)
[2.367s] DEBUG:colcon.colcon_parallel_executor.executor.parallel:closing loop
[2.367s] DEBUG:colcon.colcon_parallel_executor.executor.parallel:loop closed
[2.367s] DEBUG:colcon.colcon_parallel_executor.executor.parallel:run_until_complete finished with '0'
[2.368s] DEBUG:colcon.colcon_core.event_reactor:joining thread
[2.375s] INFO:colcon.colcon_core.plugin_system:Skipping extension 'colcon_notification.desktop_notification.terminal_notifier': Not used on non-Darwin systems
[2.376s] INFO:colcon.colcon_core.plugin_system:Skipping extension 'colcon_notification.desktop_notification.win32': Not used on non-Windows systems
[2.376s] INFO:colcon.colcon_notification.desktop_notification:Sending desktop notification using 'notify2'
[2.391s] DEBUG:colcon.colcon_core.event_reactor:joined thread
[2.391s] INFO:colcon.colcon_core.shell:Creating prefix script '/home/aladine/memoir/multi-robot-exploration-rl-master/install/local_setup.ps1'
[2.393s] INFO:colcon.colcon_core.shell:Creating prefix util module '/home/aladine/memoir/multi-robot-exploration-rl-master/install/_local_setup_util_ps1.py'
[2.396s] INFO:colcon.colcon_core.shell:Creating prefix chain script '/home/aladine/memoir/multi-robot-exploration-rl-master/install/setup.ps1'
[2.397s] INFO:colcon.colcon_core.shell:Creating prefix script '/home/aladine/memoir/multi-robot-exploration-rl-master/install/local_setup.sh'
[2.398s] INFO:colcon.colcon_core.shell:Creating prefix util module '/home/aladine/memoir/multi-robot-exploration-rl-master/install/_local_setup_util_sh.py'
[2.399s] INFO:colcon.colcon_core.shell:Creating prefix chain script '/home/aladine/memoir/multi-robot-exploration-rl-master/install/setup.sh'
[2.401s] INFO:colcon.colcon_core.shell:Creating prefix script '/home/aladine/memoir/multi-robot-exploration-rl-master/install/local_setup.bash'
[2.402s] INFO:colcon.colcon_core.shell:Creating prefix chain script '/home/aladine/memoir/multi-robot-exploration-rl-master/install/setup.bash'
[2.403s] INFO:colcon.colcon_core.shell:Creating prefix script '/home/aladine/memoir/multi-robot-exploration-rl-master/install/local_setup.zsh'
[2.404s] INFO:colcon.colcon_core.shell:Creating prefix chain script '/home/aladine/memoir/multi-robot-exploration-rl-master/install/setup.zsh'
