running egg_info
writing ../../build/start_reinforcement_learning/start_reinforcement_learning.egg-info/PKG-INFO
writing dependency_links to ../../build/start_reinforcement_learning/start_reinforcement_learning.egg-info/dependency_links.txt
writing entry points to ../../build/start_reinforcement_learning/start_reinforcement_learning.egg-info/entry_points.txt
writing requirements to ../../build/start_reinforcement_learning/start_reinforcement_learning.egg-info/requires.txt
writing top-level names to ../../build/start_reinforcement_learning/start_reinforcement_learning.egg-info/top_level.txt
reading manifest file '../../build/start_reinforcement_learning/start_reinforcement_learning.egg-info/SOURCES.txt'
writing manifest file '../../build/start_reinforcement_learning/start_reinforcement_learning.egg-info/SOURCES.txt'
running build
running build_py
copying start_reinforcement_learning/mappo_algorithm/buffer.py -> /home/aladine/memoir/multi-robot-exploration-rl-master/build/start_reinforcement_learning/build/lib/start_reinforcement_learning/mappo_algorithm
running install
running install_lib
copying /home/aladine/memoir/multi-robot-exploration-rl-master/build/start_reinforcement_learning/build/lib/start_reinforcement_learning/mappo_algorithm/buffer.py -> /home/aladine/memoir/multi-robot-exploration-rl-master/install/start_reinforcement_learning/lib/python3.10/site-packages/start_reinforcement_learning/mappo_algorithm
byte-compiling /home/aladine/memoir/multi-robot-exploration-rl-master/install/start_reinforcement_learning/lib/python3.10/site-packages/start_reinforcement_learning/mappo_algorithm/buffer.py to buffer.cpython-310.pyc
running install_data
running install_egg_info
removing '/home/aladine/memoir/multi-robot-exploration-rl-master/install/start_reinforcement_learning/lib/python3.10/site-packages/start_reinforcement_learning-0.0.0-py3.10.egg-info' (and everything under it)
Copying ../../build/start_reinforcement_learning/start_reinforcement_learning.egg-info to /home/aladine/memoir/multi-robot-exploration-rl-master/install/start_reinforcement_learning/lib/python3.10/site-packages/start_reinforcement_learning-0.0.0-py3.10.egg-info
running install_scripts
Installing run_maddpg script to /home/aladine/memoir/multi-robot-exploration-rl-master/install/start_reinforcement_learning/lib/start_reinforcement_learning
Installing run_mappo script to /home/aladine/memoir/multi-robot-exploration-rl-master/install/start_reinforcement_learning/lib/start_reinforcement_learning
Installing run_mappo_evaluate script to /home/aladine/memoir/multi-robot-exploration-rl-master/install/start_reinforcement_learning/lib/start_reinforcement_learning
writing list of installed files to '/home/aladine/memoir/multi-robot-exploration-rl-master/build/start_reinforcement_learning/install.log'
