[1.160s] Invoking command in '/home/aladine/memoir/multi-robot-exploration-rl-master/src/start_reinforcement_learning': PYTHONPATH=/home/aladine/memoir/multi-robot-exploration-rl-master/build/start_reinforcement_learning/prefix_override:/usr/lib/python3/dist-packages/colcon_core/task/python/colcon_distutils_commands:/home/aladine/memoir/multi-robot-exploration-rl-master/install/start_reinforcement_learning/lib/python3.10/site-packages:${PYTHONPATH} /usr/bin/python3 -W ignore:setup.py install is deprecated -W ignore:easy_install command is deprecated setup.py egg_info --egg-base ../../build/start_reinforcement_learning build --build-base /home/aladine/memoir/multi-robot-exploration-rl-master/build/start_reinforcement_learning/build install --record /home/aladine/memoir/multi-robot-exploration-rl-master/build/start_reinforcement_learning/install.log --single-version-externally-managed install_data
[1.630s] running egg_info
[1.631s] writing ../../build/start_reinforcement_learning/start_reinforcement_learning.egg-info/PKG-INFO
[1.631s] writing dependency_links to ../../build/start_reinforcement_learning/start_reinforcement_learning.egg-info/dependency_links.txt
[1.631s] writing entry points to ../../build/start_reinforcement_learning/start_reinforcement_learning.egg-info/entry_points.txt
[1.632s] writing requirements to ../../build/start_reinforcement_learning/start_reinforcement_learning.egg-info/requires.txt
[1.632s] writing top-level names to ../../build/start_reinforcement_learning/start_reinforcement_learning.egg-info/top_level.txt
[1.636s] reading manifest file '../../build/start_reinforcement_learning/start_reinforcement_learning.egg-info/SOURCES.txt'
[1.638s] writing manifest file '../../build/start_reinforcement_learning/start_reinforcement_learning.egg-info/SOURCES.txt'
[1.638s] running build
[1.638s] running build_py
[1.639s] copying start_reinforcement_learning/env_logic/__init__.py -> /home/aladine/memoir/multi-robot-exploration-rl-master/build/start_reinforcement_learning/build/lib/start_reinforcement_learning/env_logic
[1.640s] copying start_reinforcement_learning/maddpg_algorithm/__init__.py -> /home/aladine/memoir/multi-robot-exploration-rl-master/build/start_reinforcement_learning/build/lib/start_reinforcement_learning/maddpg_algorithm
[1.641s] running install
[1.642s] running install_lib
[1.643s] copying /home/aladine/memoir/multi-robot-exploration-rl-master/build/start_reinforcement_learning/build/lib/start_reinforcement_learning/maddpg_algorithm/__init__.py -> /home/aladine/memoir/multi-robot-exploration-rl-master/install/start_reinforcement_learning/lib/python3.10/site-packages/start_reinforcement_learning/maddpg_algorithm
[1.644s] copying /home/aladine/memoir/multi-robot-exploration-rl-master/build/start_reinforcement_learning/build/lib/start_reinforcement_learning/env_logic/__init__.py -> /home/aladine/memoir/multi-robot-exploration-rl-master/install/start_reinforcement_learning/lib/python3.10/site-packages/start_reinforcement_learning/env_logic
[1.645s] byte-compiling /home/aladine/memoir/multi-robot-exploration-rl-master/install/start_reinforcement_learning/lib/python3.10/site-packages/start_reinforcement_learning/maddpg_algorithm/__init__.py to __init__.cpython-310.pyc
[1.645s] byte-compiling /home/aladine/memoir/multi-robot-exploration-rl-master/install/start_reinforcement_learning/lib/python3.10/site-packages/start_reinforcement_learning/env_logic/__init__.py to __init__.cpython-310.pyc
[1.646s] running install_data
[1.646s] running install_egg_info
[1.649s] removing '/home/aladine/memoir/multi-robot-exploration-rl-master/install/start_reinforcement_learning/lib/python3.10/site-packages/start_reinforcement_learning-0.0.0-py3.10.egg-info' (and everything under it)
[1.649s] Copying ../../build/start_reinforcement_learning/start_reinforcement_learning.egg-info to /home/aladine/memoir/multi-robot-exploration-rl-master/install/start_reinforcement_learning/lib/python3.10/site-packages/start_reinforcement_learning-0.0.0-py3.10.egg-info
[1.650s] running install_scripts
[1.677s] Installing run_maddpg script to /home/aladine/memoir/multi-robot-exploration-rl-master/install/start_reinforcement_learning/lib/start_reinforcement_learning
[1.677s] Installing run_mappo script to /home/aladine/memoir/multi-robot-exploration-rl-master/install/start_reinforcement_learning/lib/start_reinforcement_learning
[1.677s] Installing run_mappo_evaluate script to /home/aladine/memoir/multi-robot-exploration-rl-master/install/start_reinforcement_learning/lib/start_reinforcement_learning
[1.679s] writing list of installed files to '/home/aladine/memoir/multi-robot-exploration-rl-master/build/start_reinforcement_learning/install.log'
[1.729s] Invoked command in '/home/aladine/memoir/multi-robot-exploration-rl-master/src/start_reinforcement_learning' returned '0': PYTHONPATH=/home/aladine/memoir/multi-robot-exploration-rl-master/build/start_reinforcement_learning/prefix_override:/usr/lib/python3/dist-packages/colcon_core/task/python/colcon_distutils_commands:/home/aladine/memoir/multi-robot-exploration-rl-master/install/start_reinforcement_learning/lib/python3.10/site-packages:${PYTHONPATH} /usr/bin/python3 -W ignore:setup.py install is deprecated -W ignore:easy_install command is deprecated setup.py egg_info --egg-base ../../build/start_reinforcement_learning build --build-base /home/aladine/memoir/multi-robot-exploration-rl-master/build/start_reinforcement_learning/build install --record /home/aladine/memoir/multi-robot-exploration-rl-master/build/start_reinforcement_learning/install.log --single-version-externally-managed install_data
