[0.166s] DEBUG:colcon:Command line arguments: ['/usr/bin/colcon', 'build', '--symlink-install']
[0.167s] DEBUG:colcon:Parsed command line arguments: Namespace(log_base=None, log_level=None, verb_name='build', build_base='build', install_base='install', merge_install=False, symlink_install=True, test_result_base=None, continue_on_error=False, executor='parallel', parallel_workers=4, event_handlers=None, ignore_user_meta=False, metas=['./colcon.meta'], base_paths=['.'], packages_ignore=None, packages_ignore_regex=None, paths=None, packages_up_to=None, packages_up_to_regex=None, packages_above=None, packages_above_and_dependencies=None, packages_above_depth=None, packages_select_by_dep=None, packages_skip_by_dep=None, packages_skip_up_to=None, packages_select_build_failed=False, packages_skip_build_finished=False, packages_select_test_failures=False, packages_skip_test_passed=False, packages_select=None, packages_skip=None, packages_select_regex=None, packages_skip_regex=None, packages_start=None, packages_end=None, allow_overriding=[], cmake_args=None, cmake_target=None, cmake_target_skip_unavailable=False, cmake_clean_cache=False, cmake_clean_first=False, cmake_force_configure=False, ament_cmake_args=None, catkin_cmake_args=None, catkin_skip_building_tests=False, verb_parser=<colcon_defaults.argument_parser.defaults.DefaultArgumentsDecorator object at 0x771a30089ea0>, verb_extension=<colcon_core.verb.build.BuildVerb object at 0x771a300898a0>, main=<bound method BuildVerb.main of <colcon_core.verb.build.BuildVerb object at 0x771a300898a0>>)
[0.633s] Level 1:colcon.colcon_core.package_discovery:discover_packages(colcon_meta) check parameters
[0.633s] Level 1:colcon.colcon_core.package_discovery:discover_packages(recursive) check parameters
[0.633s] Level 1:colcon.colcon_core.package_discovery:discover_packages(ignore) check parameters
[0.633s] Level 1:colcon.colcon_core.package_discovery:discover_packages(path) check parameters
[0.633s] Level 1:colcon.colcon_core.package_discovery:discover_packages(colcon_meta) discover
[0.633s] Level 1:colcon.colcon_core.package_discovery:discover_packages(recursive) discover
[0.633s] INFO:colcon.colcon_core.package_discovery:Crawling recursively for packages in '/home/aladine/memoir/multi-robot-exploration-rl-master'
[0.634s] Level 1:colcon.colcon_core.package_identification:_identify(.) by extensions ['ignore', 'ignore_ament_install']
[0.634s] Level 1:colcon.colcon_core.package_identification:_identify(.) by extension 'ignore'
[0.634s] Level 1:colcon.colcon_core.package_identification:_identify(.) by extension 'ignore_ament_install'
[0.634s] Level 1:colcon.colcon_core.package_identification:_identify(.) by extensions ['colcon_pkg']
[0.634s] Level 1:colcon.colcon_core.package_identification:_identify(.) by extension 'colcon_pkg'
[0.634s] Level 1:colcon.colcon_core.package_identification:_identify(.) by extensions ['colcon_meta']
[0.634s] Level 1:colcon.colcon_core.package_identification:_identify(.) by extension 'colcon_meta'
[0.634s] Level 1:colcon.colcon_core.package_identification:_identify(.) by extensions ['ros']
[0.634s] Level 1:colcon.colcon_core.package_identification:_identify(.) by extension 'ros'
[0.691s] Level 1:colcon.colcon_core.package_identification:_identify(.) by extensions ['cmake', 'python']
[0.691s] Level 1:colcon.colcon_core.package_identification:_identify(.) by extension 'cmake'
[0.691s] Level 1:colcon.colcon_core.package_identification:_identify(.) by extension 'python'
[0.692s] Level 1:colcon.colcon_core.package_identification:_identify(.) by extensions ['python_setup_py']
[0.692s] Level 1:colcon.colcon_core.package_identification:_identify(.) by extension 'python_setup_py'
[0.692s] Level 1:colcon.colcon_core.package_identification:_identify(build) by extensions ['ignore', 'ignore_ament_install']
[0.692s] Level 1:colcon.colcon_core.package_identification:_identify(build) by extension 'ignore'
[0.692s] Level 1:colcon.colcon_core.package_identification:_identify(build) ignored
[0.692s] Level 1:colcon.colcon_core.package_identification:_identify(images) by extensions ['ignore', 'ignore_ament_install']
[0.693s] Level 1:colcon.colcon_core.package_identification:_identify(images) by extension 'ignore'
[0.693s] Level 1:colcon.colcon_core.package_identification:_identify(images) by extension 'ignore_ament_install'
[0.693s] Level 1:colcon.colcon_core.package_identification:_identify(images) by extensions ['colcon_pkg']
[0.693s] Level 1:colcon.colcon_core.package_identification:_identify(images) by extension 'colcon_pkg'
[0.693s] Level 1:colcon.colcon_core.package_identification:_identify(images) by extensions ['colcon_meta']
[0.693s] Level 1:colcon.colcon_core.package_identification:_identify(images) by extension 'colcon_meta'
[0.693s] Level 1:colcon.colcon_core.package_identification:_identify(images) by extensions ['ros']
[0.693s] Level 1:colcon.colcon_core.package_identification:_identify(images) by extension 'ros'
[0.693s] Level 1:colcon.colcon_core.package_identification:_identify(images) by extensions ['cmake', 'python']
[0.694s] Level 1:colcon.colcon_core.package_identification:_identify(images) by extension 'cmake'
[0.694s] Level 1:colcon.colcon_core.package_identification:_identify(images) by extension 'python'
[0.694s] Level 1:colcon.colcon_core.package_identification:_identify(images) by extensions ['python_setup_py']
[0.694s] Level 1:colcon.colcon_core.package_identification:_identify(images) by extension 'python_setup_py'
[0.696s] Level 1:colcon.colcon_core.package_identification:_identify(install) by extensions ['ignore', 'ignore_ament_install']
[0.696s] Level 1:colcon.colcon_core.package_identification:_identify(install) by extension 'ignore'
[0.696s] Level 1:colcon.colcon_core.package_identification:_identify(install) ignored
[0.697s] Level 1:colcon.colcon_core.package_identification:_identify(log) by extensions ['ignore', 'ignore_ament_install']
[0.697s] Level 1:colcon.colcon_core.package_identification:_identify(log) by extension 'ignore'
[0.697s] Level 1:colcon.colcon_core.package_identification:_identify(log) ignored
[0.697s] Level 1:colcon.colcon_core.package_identification:_identify(src) by extensions ['ignore', 'ignore_ament_install']
[0.697s] Level 1:colcon.colcon_core.package_identification:_identify(src) by extension 'ignore'
[0.697s] Level 1:colcon.colcon_core.package_identification:_identify(src) by extension 'ignore_ament_install'
[0.703s] Level 1:colcon.colcon_core.package_identification:_identify(src) by extensions ['colcon_pkg']
[0.703s] Level 1:colcon.colcon_core.package_identification:_identify(src) by extension 'colcon_pkg'
[0.703s] Level 1:colcon.colcon_core.package_identification:_identify(src) by extensions ['colcon_meta']
[0.703s] Level 1:colcon.colcon_core.package_identification:_identify(src) by extension 'colcon_meta'
[0.704s] Level 1:colcon.colcon_core.package_identification:_identify(src) by extensions ['ros']
[0.704s] Level 1:colcon.colcon_core.package_identification:_identify(src) by extension 'ros'
[0.704s] Level 1:colcon.colcon_core.package_identification:_identify(src) by extensions ['cmake', 'python']
[0.704s] Level 1:colcon.colcon_core.package_identification:_identify(src) by extension 'cmake'
[0.704s] Level 1:colcon.colcon_core.package_identification:_identify(src) by extension 'python'
[0.704s] Level 1:colcon.colcon_core.package_identification:_identify(src) by extensions ['python_setup_py']
[0.704s] Level 1:colcon.colcon_core.package_identification:_identify(src) by extension 'python_setup_py'
[0.704s] Level 1:colcon.colcon_core.package_identification:_identify(src/start_reinforcement_learning) by extensions ['ignore', 'ignore_ament_install']
[0.704s] Level 1:colcon.colcon_core.package_identification:_identify(src/start_reinforcement_learning) by extension 'ignore'
[0.707s] Level 1:colcon.colcon_core.package_identification:_identify(src/start_reinforcement_learning) by extension 'ignore_ament_install'
[0.707s] Level 1:colcon.colcon_core.package_identification:_identify(src/start_reinforcement_learning) by extensions ['colcon_pkg']
[0.707s] Level 1:colcon.colcon_core.package_identification:_identify(src/start_reinforcement_learning) by extension 'colcon_pkg'
[0.707s] Level 1:colcon.colcon_core.package_identification:_identify(src/start_reinforcement_learning) by extensions ['colcon_meta']
[0.708s] Level 1:colcon.colcon_core.package_identification:_identify(src/start_reinforcement_learning) by extension 'colcon_meta'
[0.708s] Level 1:colcon.colcon_core.package_identification:_identify(src/start_reinforcement_learning) by extensions ['ros']
[0.708s] Level 1:colcon.colcon_core.package_identification:_identify(src/start_reinforcement_learning) by extension 'ros'
[0.737s] DEBUG:colcon.colcon_core.package_identification:Package 'src/start_reinforcement_learning' with type 'ros.ament_python' and name 'start_reinforcement_learning'
[0.737s] Level 1:colcon.colcon_core.package_identification:_identify(src/start_rl_environment) by extensions ['ignore', 'ignore_ament_install']
[0.737s] Level 1:colcon.colcon_core.package_identification:_identify(src/start_rl_environment) by extension 'ignore'
[0.737s] Level 1:colcon.colcon_core.package_identification:_identify(src/start_rl_environment) by extension 'ignore_ament_install'
[0.737s] Level 1:colcon.colcon_core.package_identification:_identify(src/start_rl_environment) by extensions ['colcon_pkg']
[0.737s] Level 1:colcon.colcon_core.package_identification:_identify(src/start_rl_environment) by extension 'colcon_pkg'
[0.738s] Level 1:colcon.colcon_core.package_identification:_identify(src/start_rl_environment) by extensions ['colcon_meta']
[0.738s] Level 1:colcon.colcon_core.package_identification:_identify(src/start_rl_environment) by extension 'colcon_meta'
[0.738s] Level 1:colcon.colcon_core.package_identification:_identify(src/start_rl_environment) by extensions ['ros']
[0.738s] Level 1:colcon.colcon_core.package_identification:_identify(src/start_rl_environment) by extension 'ros'
[0.740s] DEBUG:colcon.colcon_core.package_identification:Package 'src/start_rl_environment' with type 'ros.ament_cmake' and name 'start_rl_environment'
[0.740s] Level 1:colcon.colcon_core.package_discovery:discover_packages(recursive) using defaults
[0.740s] Level 1:colcon.colcon_core.package_discovery:discover_packages(ignore) discover
[0.740s] Level 1:colcon.colcon_core.package_discovery:discover_packages(ignore) using defaults
[0.740s] Level 1:colcon.colcon_core.package_discovery:discover_packages(path) discover
[0.740s] Level 1:colcon.colcon_core.package_discovery:discover_packages(path) using defaults
[0.783s] Level 1:colcon.colcon_core.package_discovery:discover_packages(prefix_path) check parameters
[0.783s] Level 1:colcon.colcon_core.package_discovery:discover_packages(prefix_path) discover
[0.788s] DEBUG:colcon.colcon_installed_package_information.package_discovery:Found 427 installed packages in /opt/ros/humble
[0.791s] Level 1:colcon.colcon_core.package_discovery:discover_packages(prefix_path) using defaults
[1.046s] Level 5:colcon.colcon_core.verb:set package 'start_reinforcement_learning' build argument 'cmake_args' from command line to 'None'
[1.046s] Level 5:colcon.colcon_core.verb:set package 'start_reinforcement_learning' build argument 'cmake_target' from command line to 'None'
[1.046s] Level 5:colcon.colcon_core.verb:set package 'start_reinforcement_learning' build argument 'cmake_target_skip_unavailable' from command line to 'False'
[1.046s] Level 5:colcon.colcon_core.verb:set package 'start_reinforcement_learning' build argument 'cmake_clean_cache' from command line to 'False'
[1.046s] Level 5:colcon.colcon_core.verb:set package 'start_reinforcement_learning' build argument 'cmake_clean_first' from command line to 'False'
[1.046s] Level 5:colcon.colcon_core.verb:set package 'start_reinforcement_learning' build argument 'cmake_force_configure' from command line to 'False'
[1.046s] Level 5:colcon.colcon_core.verb:set package 'start_reinforcement_learning' build argument 'ament_cmake_args' from command line to 'None'
[1.046s] Level 5:colcon.colcon_core.verb:set package 'start_reinforcement_learning' build argument 'catkin_cmake_args' from command line to 'None'
[1.046s] Level 5:colcon.colcon_core.verb:set package 'start_reinforcement_learning' build argument 'catkin_skip_building_tests' from command line to 'False'
[1.046s] DEBUG:colcon.colcon_core.verb:Building package 'start_reinforcement_learning' with the following arguments: {'ament_cmake_args': None, 'build_base': '/home/aladine/memoir/multi-robot-exploration-rl-master/build/start_reinforcement_learning', 'catkin_cmake_args': None, 'catkin_skip_building_tests': False, 'cmake_args': None, 'cmake_clean_cache': False, 'cmake_clean_first': False, 'cmake_force_configure': False, 'cmake_target': None, 'cmake_target_skip_unavailable': False, 'install_base': '/home/aladine/memoir/multi-robot-exploration-rl-master/install/start_reinforcement_learning', 'merge_install': False, 'path': '/home/aladine/memoir/multi-robot-exploration-rl-master/src/start_reinforcement_learning', 'symlink_install': True, 'test_result_base': None}
[1.047s] Level 5:colcon.colcon_core.verb:set package 'start_rl_environment' build argument 'cmake_args' from command line to 'None'
[1.048s] Level 5:colcon.colcon_core.verb:set package 'start_rl_environment' build argument 'cmake_target' from command line to 'None'
[1.048s] Level 5:colcon.colcon_core.verb:set package 'start_rl_environment' build argument 'cmake_target_skip_unavailable' from command line to 'False'
[1.048s] Level 5:colcon.colcon_core.verb:set package 'start_rl_environment' build argument 'cmake_clean_cache' from command line to 'False'
[1.048s] Level 5:colcon.colcon_core.verb:set package 'start_rl_environment' build argument 'cmake_clean_first' from command line to 'False'
[1.048s] Level 5:colcon.colcon_core.verb:set package 'start_rl_environment' build argument 'cmake_force_configure' from command line to 'False'
[1.048s] Level 5:colcon.colcon_core.verb:set package 'start_rl_environment' build argument 'ament_cmake_args' from command line to 'None'
[1.048s] Level 5:colcon.colcon_core.verb:set package 'start_rl_environment' build argument 'catkin_cmake_args' from command line to 'None'
[1.048s] Level 5:colcon.colcon_core.verb:set package 'start_rl_environment' build argument 'catkin_skip_building_tests' from command line to 'False'
[1.048s] DEBUG:colcon.colcon_core.verb:Building package 'start_rl_environment' with the following arguments: {'ament_cmake_args': None, 'build_base': '/home/aladine/memoir/multi-robot-exploration-rl-master/build/start_rl_environment', 'catkin_cmake_args': None, 'catkin_skip_building_tests': False, 'cmake_args': None, 'cmake_clean_cache': False, 'cmake_clean_first': False, 'cmake_force_configure': False, 'cmake_target': None, 'cmake_target_skip_unavailable': False, 'install_base': '/home/aladine/memoir/multi-robot-exploration-rl-master/install/start_rl_environment', 'merge_install': False, 'path': '/home/aladine/memoir/multi-robot-exploration-rl-master/src/start_rl_environment', 'symlink_install': True, 'test_result_base': None}
[1.049s] INFO:colcon.colcon_core.executor:Executing jobs using 'parallel' executor
[1.052s] DEBUG:colcon.colcon_parallel_executor.executor.parallel:run_until_complete
[1.053s] INFO:colcon.colcon_ros.task.ament_python.build:Building ROS package in '/home/aladine/memoir/multi-robot-exploration-rl-master/src/start_reinforcement_learning' with build type 'ament_python'
[1.053s] Level 1:colcon.colcon_core.shell:create_environment_hook('start_reinforcement_learning', 'ament_prefix_path')
[1.058s] INFO:colcon.colcon_core.plugin_system:Skipping extension 'colcon_core.shell.bat': Not used on non-Windows systems
[1.058s] INFO:colcon.colcon_core.shell:Creating environment hook '/home/aladine/memoir/multi-robot-exploration-rl-master/install/start_reinforcement_learning/share/start_reinforcement_learning/hook/ament_prefix_path.ps1'
[1.060s] INFO:colcon.colcon_core.shell:Creating environment descriptor '/home/aladine/memoir/multi-robot-exploration-rl-master/install/start_reinforcement_learning/share/start_reinforcement_learning/hook/ament_prefix_path.dsv'
[1.062s] INFO:colcon.colcon_core.shell:Creating environment hook '/home/aladine/memoir/multi-robot-exploration-rl-master/install/start_reinforcement_learning/share/start_reinforcement_learning/hook/ament_prefix_path.sh'
[1.065s] INFO:colcon.colcon_core.shell:Skip shell extension 'powershell' for command environment: Not usable outside of PowerShell
[1.065s] DEBUG:colcon.colcon_core.shell:Skip shell extension 'dsv' for command environment
[1.074s] INFO:colcon.colcon_ros.task.ament_cmake.build:Building ROS package in '/home/aladine/memoir/multi-robot-exploration-rl-master/src/start_rl_environment' with build type 'ament_cmake'
[1.074s] INFO:colcon.colcon_cmake.task.cmake.build:Building CMake package in '/home/aladine/memoir/multi-robot-exploration-rl-master/src/start_rl_environment'
[1.075s] INFO:colcon.colcon_core.shell:Skip shell extension 'powershell' for command environment: Not usable outside of PowerShell
[1.075s] DEBUG:colcon.colcon_core.shell:Skip shell extension 'dsv' for command environment
[1.588s] INFO:colcon.colcon_core.task.python.build:Building Python package in '/home/aladine/memoir/multi-robot-exploration-rl-master/src/start_reinforcement_learning'
[1.588s] INFO:colcon.colcon_core.shell:Skip shell extension 'powershell' for command environment: Not usable outside of PowerShell
[1.588s] DEBUG:colcon.colcon_core.shell:Skip shell extension 'dsv' for command environment
[1.600s] DEBUG:colcon.colcon_core.event_handler.log_command:Invoking command in '/home/aladine/memoir/multi-robot-exploration-rl-master/build/start_rl_environment': CMAKE_PREFIX_PATH=/opt/ros/humble /usr/bin/cmake --build /home/aladine/memoir/multi-robot-exploration-rl-master/build/start_rl_environment -- -j4 -l4
[1.675s] DEBUG:colcon.colcon_core.event_handler.log_command:Invoked command in '/home/aladine/memoir/multi-robot-exploration-rl-master/build/start_rl_environment' returned '0': CMAKE_PREFIX_PATH=/opt/ros/humble /usr/bin/cmake --build /home/aladine/memoir/multi-robot-exploration-rl-master/build/start_rl_environment -- -j4 -l4
[1.698s] DEBUG:colcon.colcon_core.event_handler.log_command:Invoking command in '/home/aladine/memoir/multi-robot-exploration-rl-master/build/start_rl_environment': CMAKE_PREFIX_PATH=/opt/ros/humble /usr/bin/cmake --install /home/aladine/memoir/multi-robot-exploration-rl-master/build/start_rl_environment
[1.758s] Level 1:colcon.colcon_core.environment:create_environment_scripts_only(start_rl_environment)
[1.759s] DEBUG:colcon.colcon_core.event_handler.log_command:Invoked command in '/home/aladine/memoir/multi-robot-exploration-rl-master/build/start_rl_environment' returned '0': CMAKE_PREFIX_PATH=/opt/ros/humble /usr/bin/cmake --install /home/aladine/memoir/multi-robot-exploration-rl-master/build/start_rl_environment
[1.764s] Level 1:colcon.colcon_core.environment:checking '/home/aladine/memoir/multi-robot-exploration-rl-master/install/start_rl_environment' for CMake module files
[1.765s] Level 1:colcon.colcon_core.environment:checking '/home/aladine/memoir/multi-robot-exploration-rl-master/install/start_rl_environment' for CMake config files
[1.766s] Level 1:colcon.colcon_core.shell:create_environment_hook('start_rl_environment', 'cmake_prefix_path')
[1.767s] INFO:colcon.colcon_core.shell:Creating environment hook '/home/aladine/memoir/multi-robot-exploration-rl-master/install/start_rl_environment/share/start_rl_environment/hook/cmake_prefix_path.ps1'
[1.768s] INFO:colcon.colcon_core.shell:Creating environment descriptor '/home/aladine/memoir/multi-robot-exploration-rl-master/install/start_rl_environment/share/start_rl_environment/hook/cmake_prefix_path.dsv'
[1.769s] INFO:colcon.colcon_core.shell:Creating environment hook '/home/aladine/memoir/multi-robot-exploration-rl-master/install/start_rl_environment/share/start_rl_environment/hook/cmake_prefix_path.sh'
[1.770s] Level 1:colcon.colcon_core.environment:checking '/home/aladine/memoir/multi-robot-exploration-rl-master/install/start_rl_environment/bin'
[1.771s] Level 1:colcon.colcon_core.environment:checking '/home/aladine/memoir/multi-robot-exploration-rl-master/install/start_rl_environment/lib/pkgconfig/start_rl_environment.pc'
[1.771s] Level 1:colcon.colcon_core.environment:checking '/home/aladine/memoir/multi-robot-exploration-rl-master/install/start_rl_environment/lib/python3.10/site-packages'
[1.772s] Level 1:colcon.colcon_core.environment:checking '/home/aladine/memoir/multi-robot-exploration-rl-master/install/start_rl_environment/bin'
[1.772s] INFO:colcon.colcon_core.shell:Creating package script '/home/aladine/memoir/multi-robot-exploration-rl-master/install/start_rl_environment/share/start_rl_environment/package.ps1'
[1.774s] INFO:colcon.colcon_core.shell:Creating package descriptor '/home/aladine/memoir/multi-robot-exploration-rl-master/install/start_rl_environment/share/start_rl_environment/package.dsv'
[1.776s] INFO:colcon.colcon_core.shell:Creating package script '/home/aladine/memoir/multi-robot-exploration-rl-master/install/start_rl_environment/share/start_rl_environment/package.sh'
[1.777s] INFO:colcon.colcon_core.shell:Creating package script '/home/aladine/memoir/multi-robot-exploration-rl-master/install/start_rl_environment/share/start_rl_environment/package.bash'
[1.780s] INFO:colcon.colcon_core.shell:Creating package script '/home/aladine/memoir/multi-robot-exploration-rl-master/install/start_rl_environment/share/start_rl_environment/package.zsh'
[1.784s] Level 1:colcon.colcon_core.environment:create_file_with_runtime_dependencies(/home/aladine/memoir/multi-robot-exploration-rl-master/install/start_rl_environment/share/colcon-core/packages/start_rl_environment)
[1.788s] Level 1:colcon.colcon_core.environment:create_environment_scripts_only(start_rl_environment)
[1.790s] Level 1:colcon.colcon_core.environment:checking '/home/aladine/memoir/multi-robot-exploration-rl-master/install/start_rl_environment' for CMake module files
[1.792s] Level 1:colcon.colcon_core.environment:checking '/home/aladine/memoir/multi-robot-exploration-rl-master/install/start_rl_environment' for CMake config files
[1.794s] Level 1:colcon.colcon_core.shell:create_environment_hook('start_rl_environment', 'cmake_prefix_path')
[1.794s] INFO:colcon.colcon_core.shell:Creating environment hook '/home/aladine/memoir/multi-robot-exploration-rl-master/install/start_rl_environment/share/start_rl_environment/hook/cmake_prefix_path.ps1'
[1.797s] INFO:colcon.colcon_core.shell:Creating environment descriptor '/home/aladine/memoir/multi-robot-exploration-rl-master/install/start_rl_environment/share/start_rl_environment/hook/cmake_prefix_path.dsv'
[1.798s] INFO:colcon.colcon_core.shell:Creating environment hook '/home/aladine/memoir/multi-robot-exploration-rl-master/install/start_rl_environment/share/start_rl_environment/hook/cmake_prefix_path.sh'
[1.800s] Level 1:colcon.colcon_core.environment:checking '/home/aladine/memoir/multi-robot-exploration-rl-master/install/start_rl_environment/bin'
[1.800s] Level 1:colcon.colcon_core.environment:checking '/home/aladine/memoir/multi-robot-exploration-rl-master/install/start_rl_environment/lib/pkgconfig/start_rl_environment.pc'
[1.801s] Level 1:colcon.colcon_core.environment:checking '/home/aladine/memoir/multi-robot-exploration-rl-master/install/start_rl_environment/lib/python3.10/site-packages'
[1.801s] Level 1:colcon.colcon_core.environment:checking '/home/aladine/memoir/multi-robot-exploration-rl-master/install/start_rl_environment/bin'
[1.802s] INFO:colcon.colcon_core.shell:Creating package script '/home/aladine/memoir/multi-robot-exploration-rl-master/install/start_rl_environment/share/start_rl_environment/package.ps1'
[1.803s] INFO:colcon.colcon_core.shell:Creating package descriptor '/home/aladine/memoir/multi-robot-exploration-rl-master/install/start_rl_environment/share/start_rl_environment/package.dsv'
[1.804s] INFO:colcon.colcon_core.shell:Creating package script '/home/aladine/memoir/multi-robot-exploration-rl-master/install/start_rl_environment/share/start_rl_environment/package.sh'
[1.805s] INFO:colcon.colcon_core.shell:Creating package script '/home/aladine/memoir/multi-robot-exploration-rl-master/install/start_rl_environment/share/start_rl_environment/package.bash'
[1.806s] INFO:colcon.colcon_core.shell:Creating package script '/home/aladine/memoir/multi-robot-exploration-rl-master/install/start_rl_environment/share/start_rl_environment/package.zsh'
[1.807s] Level 1:colcon.colcon_core.environment:create_file_with_runtime_dependencies(/home/aladine/memoir/multi-robot-exploration-rl-master/install/start_rl_environment/share/colcon-core/packages/start_rl_environment)
[2.573s] DEBUG:colcon.colcon_core.event_handler.log_command:Invoking command in '/home/aladine/memoir/multi-robot-exploration-rl-master/build/start_reinforcement_learning': PYTHONPATH=/home/aladine/memoir/multi-robot-exploration-rl-master/build/start_reinforcement_learning/prefix_override:/usr/lib/python3/dist-packages/colcon_core/task/python/colcon_distutils_commands:/home/aladine/memoir/multi-robot-exploration-rl-master/install/start_reinforcement_learning/lib/python3.10/site-packages:${PYTHONPATH} /usr/bin/python3 -W ignore:setup.py install is deprecated -W ignore:easy_install command is deprecated setup.py develop --editable --build-directory /home/aladine/memoir/multi-robot-exploration-rl-master/build/start_reinforcement_learning/build --no-deps symlink_data
[3.742s] Level 1:colcon.colcon_core.shell:create_environment_hook('start_reinforcement_learning', 'pythonpath_develop')
[3.743s] INFO:colcon.colcon_core.shell:Creating environment hook '/home/aladine/memoir/multi-robot-exploration-rl-master/build/start_reinforcement_learning/share/start_reinforcement_learning/hook/pythonpath_develop.ps1'
[3.743s] DEBUG:colcon.colcon_core.event_handler.log_command:Invoked command in '/home/aladine/memoir/multi-robot-exploration-rl-master/build/start_reinforcement_learning' returned '0': PYTHONPATH=/home/aladine/memoir/multi-robot-exploration-rl-master/build/start_reinforcement_learning/prefix_override:/usr/lib/python3/dist-packages/colcon_core/task/python/colcon_distutils_commands:/home/aladine/memoir/multi-robot-exploration-rl-master/install/start_reinforcement_learning/lib/python3.10/site-packages:${PYTHONPATH} /usr/bin/python3 -W ignore:setup.py install is deprecated -W ignore:easy_install command is deprecated setup.py develop --editable --build-directory /home/aladine/memoir/multi-robot-exploration-rl-master/build/start_reinforcement_learning/build --no-deps symlink_data
[3.744s] INFO:colcon.colcon_core.shell:Creating environment descriptor '/home/aladine/memoir/multi-robot-exploration-rl-master/build/start_reinforcement_learning/share/start_reinforcement_learning/hook/pythonpath_develop.dsv'
[3.745s] INFO:colcon.colcon_core.shell:Creating environment hook '/home/aladine/memoir/multi-robot-exploration-rl-master/build/start_reinforcement_learning/share/start_reinforcement_learning/hook/pythonpath_develop.sh'
[3.746s] Level 1:colcon.colcon_core.environment:checking '/home/aladine/memoir/multi-robot-exploration-rl-master/install/start_reinforcement_learning' for CMake module files
[3.747s] Level 1:colcon.colcon_core.environment:checking '/home/aladine/memoir/multi-robot-exploration-rl-master/install/start_reinforcement_learning' for CMake config files
[3.748s] Level 1:colcon.colcon_core.environment:checking '/home/aladine/memoir/multi-robot-exploration-rl-master/install/start_reinforcement_learning/lib'
[3.748s] Level 1:colcon.colcon_core.environment:checking '/home/aladine/memoir/multi-robot-exploration-rl-master/install/start_reinforcement_learning/bin'
[3.748s] Level 1:colcon.colcon_core.environment:checking '/home/aladine/memoir/multi-robot-exploration-rl-master/install/start_reinforcement_learning/lib/pkgconfig/start_reinforcement_learning.pc'
[3.749s] Level 1:colcon.colcon_core.environment:checking '/home/aladine/memoir/multi-robot-exploration-rl-master/install/start_reinforcement_learning/lib/python3.10/site-packages'
[3.749s] Level 1:colcon.colcon_core.shell:create_environment_hook('start_reinforcement_learning', 'pythonpath')
[3.749s] INFO:colcon.colcon_core.shell:Creating environment hook '/home/aladine/memoir/multi-robot-exploration-rl-master/install/start_reinforcement_learning/share/start_reinforcement_learning/hook/pythonpath.ps1'
[3.750s] INFO:colcon.colcon_core.shell:Creating environment descriptor '/home/aladine/memoir/multi-robot-exploration-rl-master/install/start_reinforcement_learning/share/start_reinforcement_learning/hook/pythonpath.dsv'
[3.750s] INFO:colcon.colcon_core.shell:Creating environment hook '/home/aladine/memoir/multi-robot-exploration-rl-master/install/start_reinforcement_learning/share/start_reinforcement_learning/hook/pythonpath.sh'
[3.751s] Level 1:colcon.colcon_core.environment:checking '/home/aladine/memoir/multi-robot-exploration-rl-master/install/start_reinforcement_learning/bin'
[3.751s] Level 1:colcon.colcon_core.environment:create_environment_scripts_only(start_reinforcement_learning)
[3.752s] INFO:colcon.colcon_core.shell:Creating package script '/home/aladine/memoir/multi-robot-exploration-rl-master/install/start_reinforcement_learning/share/start_reinforcement_learning/package.ps1'
[3.753s] INFO:colcon.colcon_core.shell:Creating package descriptor '/home/aladine/memoir/multi-robot-exploration-rl-master/install/start_reinforcement_learning/share/start_reinforcement_learning/package.dsv'
[3.754s] INFO:colcon.colcon_core.shell:Creating package script '/home/aladine/memoir/multi-robot-exploration-rl-master/install/start_reinforcement_learning/share/start_reinforcement_learning/package.sh'
[3.754s] INFO:colcon.colcon_core.shell:Creating package script '/home/aladine/memoir/multi-robot-exploration-rl-master/install/start_reinforcement_learning/share/start_reinforcement_learning/package.bash'
[3.755s] INFO:colcon.colcon_core.shell:Creating package script '/home/aladine/memoir/multi-robot-exploration-rl-master/install/start_reinforcement_learning/share/start_reinforcement_learning/package.zsh'
[3.756s] Level 1:colcon.colcon_core.environment:create_file_with_runtime_dependencies(/home/aladine/memoir/multi-robot-exploration-rl-master/install/start_reinforcement_learning/share/colcon-core/packages/start_reinforcement_learning)
[3.757s] DEBUG:colcon.colcon_parallel_executor.executor.parallel:closing loop
[3.757s] DEBUG:colcon.colcon_parallel_executor.executor.parallel:loop closed
[3.757s] DEBUG:colcon.colcon_parallel_executor.executor.parallel:run_until_complete finished with '0'
[3.757s] DEBUG:colcon.colcon_core.event_reactor:joining thread
[3.775s] INFO:colcon.colcon_core.plugin_system:Skipping extension 'colcon_notification.desktop_notification.terminal_notifier': Not used on non-Darwin systems
[3.779s] INFO:colcon.colcon_core.plugin_system:Skipping extension 'colcon_notification.desktop_notification.win32': Not used on non-Windows systems
[3.779s] INFO:colcon.colcon_notification.desktop_notification:Sending desktop notification using 'notify2'
[3.806s] DEBUG:colcon.colcon_core.event_reactor:joined thread
[3.807s] INFO:colcon.colcon_core.shell:Creating prefix script '/home/aladine/memoir/multi-robot-exploration-rl-master/install/local_setup.ps1'
[3.811s] INFO:colcon.colcon_core.shell:Creating prefix util module '/home/aladine/memoir/multi-robot-exploration-rl-master/install/_local_setup_util_ps1.py'
[3.816s] INFO:colcon.colcon_core.shell:Creating prefix chain script '/home/aladine/memoir/multi-robot-exploration-rl-master/install/setup.ps1'
[3.818s] INFO:colcon.colcon_core.shell:Creating prefix script '/home/aladine/memoir/multi-robot-exploration-rl-master/install/local_setup.sh'
[3.820s] INFO:colcon.colcon_core.shell:Creating prefix util module '/home/aladine/memoir/multi-robot-exploration-rl-master/install/_local_setup_util_sh.py'
[3.822s] INFO:colcon.colcon_core.shell:Creating prefix chain script '/home/aladine/memoir/multi-robot-exploration-rl-master/install/setup.sh'
[3.828s] INFO:colcon.colcon_core.shell:Creating prefix script '/home/aladine/memoir/multi-robot-exploration-rl-master/install/local_setup.bash'
[3.829s] INFO:colcon.colcon_core.shell:Creating prefix chain script '/home/aladine/memoir/multi-robot-exploration-rl-master/install/setup.bash'
[3.833s] INFO:colcon.colcon_core.shell:Creating prefix script '/home/aladine/memoir/multi-robot-exploration-rl-master/install/local_setup.zsh'
[3.835s] INFO:colcon.colcon_core.shell:Creating prefix chain script '/home/aladine/memoir/multi-robot-exploration-rl-master/install/setup.zsh'
