[1.224s] Invoking command in '/home/aladine/memoir/multi-robot-exploration-rl-master/build/start_reinforcement_learning': PYTHONPATH=/home/aladine/memoir/multi-robot-exploration-rl-master/build/start_reinforcement_learning/prefix_override:/usr/lib/python3/dist-packages/colcon_core/task/python/colcon_distutils_commands:/home/aladine/memoir/multi-robot-exploration-rl-master/install/start_reinforcement_learning/lib/python3.10/site-packages:${PYTHONPATH} /usr/bin/python3 -W ignore:setup.py install is deprecated -W ignore:easy_install command is deprecated setup.py develop --editable --build-directory /home/aladine/memoir/multi-robot-exploration-rl-master/build/start_reinforcement_learning/build --no-deps symlink_data
[1.664s] running develop
[1.941s] running egg_info
[1.941s] writing start_reinforcement_learning.egg-info/PKG-INFO
[1.942s] writing dependency_links to start_reinforcement_learning.egg-info/dependency_links.txt
[1.942s] writing entry points to start_reinforcement_learning.egg-info/entry_points.txt
[1.942s] writing requirements to start_reinforcement_learning.egg-info/requires.txt
[1.942s] writing top-level names to start_reinforcement_learning.egg-info/top_level.txt
[1.946s] reading manifest file 'start_reinforcement_learning.egg-info/SOURCES.txt'
[1.947s] writing manifest file 'start_reinforcement_learning.egg-info/SOURCES.txt'
[1.949s] running build_ext
[1.949s] Creating /home/aladine/memoir/multi-robot-exploration-rl-master/install/start_reinforcement_learning/lib/python3.10/site-packages/start-reinforcement-learning.egg-link (link to .)
[1.951s] Installing run_algorithm_comparison script to /home/aladine/memoir/multi-robot-exploration-rl-master/install/start_reinforcement_learning/lib/start_reinforcement_learning
[1.951s] Installing run_maddpg script to /home/aladine/memoir/multi-robot-exploration-rl-master/install/start_reinforcement_learning/lib/start_reinforcement_learning
[1.951s] Installing run_mappo script to /home/aladine/memoir/multi-robot-exploration-rl-master/install/start_reinforcement_learning/lib/start_reinforcement_learning
[1.951s] Installing run_mappo_evaluate script to /home/aladine/memoir/multi-robot-exploration-rl-master/install/start_reinforcement_learning/lib/start_reinforcement_learning
[1.952s] 
[1.952s] Installed /home/aladine/memoir/multi-robot-exploration-rl-master/build/start_reinforcement_learning
[1.952s] running symlink_data
[1.952s] symbolically linking /home/aladine/memoir/multi-robot-exploration-rl-master/build/start_reinforcement_learning/launch/evaluate_mappo.launch.py -> /home/aladine/memoir/multi-robot-exploration-rl-master/install/start_reinforcement_learning/share/start_reinforcement_learning/launch
[1.996s] Invoked command in '/home/aladine/memoir/multi-robot-exploration-rl-master/build/start_reinforcement_learning' returned '0': PYTHONPATH=/home/aladine/memoir/multi-robot-exploration-rl-master/build/start_reinforcement_learning/prefix_override:/usr/lib/python3/dist-packages/colcon_core/task/python/colcon_distutils_commands:/home/aladine/memoir/multi-robot-exploration-rl-master/install/start_reinforcement_learning/lib/python3.10/site-packages:${PYTHONPATH} /usr/bin/python3 -W ignore:setup.py install is deprecated -W ignore:easy_install command is deprecated setup.py develop --editable --build-directory /home/aladine/memoir/multi-robot-exploration-rl-master/build/start_reinforcement_learning/build --no-deps symlink_data
