running develop
running egg_info
writing start_reinforcement_learning.egg-info/PKG-INFO
writing dependency_links to start_reinforcement_learning.egg-info/dependency_links.txt
writing entry points to start_reinforcement_learning.egg-info/entry_points.txt
writing requirements to start_reinforcement_learning.egg-info/requires.txt
writing top-level names to start_reinforcement_learning.egg-info/top_level.txt
reading manifest file 'start_reinforcement_learning.egg-info/SOURCES.txt'
writing manifest file 'start_reinforcement_learning.egg-info/SOURCES.txt'
running build_ext
Creating /home/aladine/memoir/multi-robot-exploration-rl-master/install/start_reinforcement_learning/lib/python3.10/site-packages/start-reinforcement-learning.egg-link (link to .)
Installing run_algorithm_comparison script to /home/aladine/memoir/multi-robot-exploration-rl-master/install/start_reinforcement_learning/lib/start_reinforcement_learning
Installing run_maddpg script to /home/aladine/memoir/multi-robot-exploration-rl-master/install/start_reinforcement_learning/lib/start_reinforcement_learning
Installing run_mappo script to /home/aladine/memoir/multi-robot-exploration-rl-master/install/start_reinforcement_learning/lib/start_reinforcement_learning
Installing run_mappo_evaluate script to /home/aladine/memoir/multi-robot-exploration-rl-master/install/start_reinforcement_learning/lib/start_reinforcement_learning

Installed /home/aladine/memoir/multi-robot-exploration-rl-master/build/start_reinforcement_learning
running symlink_data
symbolically linking /home/aladine/memoir/multi-robot-exploration-rl-master/build/start_reinforcement_learning/resource/start_reinforcement_learning -> /home/aladine/memoir/multi-robot-exploration-rl-master/install/start_reinforcement_learning/share/ament_index/resource_index/packages
symbolically linking /home/aladine/memoir/multi-robot-exploration-rl-master/build/start_reinforcement_learning/package.xml -> /home/aladine/memoir/multi-robot-exploration-rl-master/install/start_reinforcement_learning/share/start_reinforcement_learning
symbolically linking /home/aladine/memoir/multi-robot-exploration-rl-master/build/start_reinforcement_learning/launch/evaluate_mappo.launch.py -> /home/aladine/memoir/multi-robot-exploration-rl-master/install/start_reinforcement_learning/share/start_reinforcement_learning/launch
symbolically linking /home/aladine/memoir/multi-robot-exploration-rl-master/build/start_reinforcement_learning/launch/start_learning.launch.py -> /home/aladine/memoir/multi-robot-exploration-rl-master/install/start_reinforcement_learning/share/start_reinforcement_learning/launch
error: [Errno 2] No such file or directory: '/home/aladine/memoir/multi-robot-exploration-rl-master/install/start_reinforcement_learning/share/start_reinforcement_learning/launch/evaluate_maddpg.launch.py'
symbolically linking /home/aladine/memoir/multi-robot-exploration-rl-master/build/start_reinforcement_learning/launch/evaluate.launch.py -> /home/aladine/memoir/multi-robot-exploration-rl-master/install/start_reinforcement_learning/share/start_reinforcement_learning/launch
