[1.653s] Invoking command in '/home/aladine/memoir/multi-robot-exploration-rl-master/build/start_reinforcement_learning': PYTHONPATH=/home/aladine/memoir/multi-robot-exploration-rl-master/build/start_reinforcement_learning/prefix_override:/usr/lib/python3/dist-packages/colcon_core/task/python/colcon_distutils_commands:/home/aladine/memoir/multi-robot-exploration-rl-master/install/start_reinforcement_learning/lib/python3.10/site-packages:${PYTHONPATH} /usr/bin/python3 -W ignore:setup.py install is deprecated -W ignore:easy_install command is deprecated setup.py develop --uninstall --editable --build-directory /home/aladine/memoir/multi-robot-exploration-rl-master/build/start_reinforcement_learning/build
[2.161s] running develop
[2.512s] Removing /home/aladine/memoir/multi-robot-exploration-rl-master/install/start_reinforcement_learning/lib/python3.10/site-packages/start-reinforcement-learning.egg-link (link to .)
[2.573s] Invoked command in '/home/aladine/memoir/multi-robot-exploration-rl-master/build/start_reinforcement_learning' returned '0': PYTHONPATH=/home/aladine/memoir/multi-robot-exploration-rl-master/build/start_reinforcement_learning/prefix_override:/usr/lib/python3/dist-packages/colcon_core/task/python/colcon_distutils_commands:/home/aladine/memoir/multi-robot-exploration-rl-master/install/start_reinforcement_learning/lib/python3.10/site-packages:${PYTHONPATH} /usr/bin/python3 -W ignore:setup.py install is deprecated -W ignore:easy_install command is deprecated setup.py develop --uninstall --editable --build-directory /home/aladine/memoir/multi-robot-exploration-rl-master/build/start_reinforcement_learning/build
[2.578s] Invoking command in '/home/aladine/memoir/multi-robot-exploration-rl-master/src/start_reinforcement_learning': PYTHONPATH=/home/aladine/memoir/multi-robot-exploration-rl-master/build/start_reinforcement_learning/prefix_override:/usr/lib/python3/dist-packages/colcon_core/task/python/colcon_distutils_commands:/home/aladine/memoir/multi-robot-exploration-rl-master/install/start_reinforcement_learning/lib/python3.10/site-packages:${PYTHONPATH} /usr/bin/python3 -W ignore:setup.py install is deprecated -W ignore:easy_install command is deprecated setup.py egg_info --egg-base ../../build/start_reinforcement_learning build --build-base /home/aladine/memoir/multi-robot-exploration-rl-master/build/start_reinforcement_learning/build install --record /home/aladine/memoir/multi-robot-exploration-rl-master/build/start_reinforcement_learning/install.log --single-version-externally-managed install_data --force
[3.213s] running egg_info
[3.214s] writing ../../build/start_reinforcement_learning/start_reinforcement_learning.egg-info/PKG-INFO
[3.215s] writing dependency_links to ../../build/start_reinforcement_learning/start_reinforcement_learning.egg-info/dependency_links.txt
[3.215s] writing entry points to ../../build/start_reinforcement_learning/start_reinforcement_learning.egg-info/entry_points.txt
[3.215s] writing requirements to ../../build/start_reinforcement_learning/start_reinforcement_learning.egg-info/requires.txt
[3.215s] writing top-level names to ../../build/start_reinforcement_learning/start_reinforcement_learning.egg-info/top_level.txt
[3.219s] reading manifest file '../../build/start_reinforcement_learning/start_reinforcement_learning.egg-info/SOURCES.txt'
[3.221s] writing manifest file '../../build/start_reinforcement_learning/start_reinforcement_learning.egg-info/SOURCES.txt'
[3.222s] running build
[3.223s] running build_py
[3.223s] copying start_reinforcement_learning/maddpg_main.py -> /home/aladine/memoir/multi-robot-exploration-rl-master/build/start_reinforcement_learning/build/lib/start_reinforcement_learning
[3.223s] copying start_reinforcement_learning/mappo_main.py -> /home/aladine/memoir/multi-robot-exploration-rl-master/build/start_reinforcement_learning/build/lib/start_reinforcement_learning
[3.224s] copying start_reinforcement_learning/maddpg_evaluate.py -> /home/aladine/memoir/multi-robot-exploration-rl-master/build/start_reinforcement_learning/build/lib/start_reinforcement_learning
[3.225s] copying start_reinforcement_learning/mappo_evaluate.py -> /home/aladine/memoir/multi-robot-exploration-rl-master/build/start_reinforcement_learning/build/lib/start_reinforcement_learning
[3.225s] copying start_reinforcement_learning/logic.py -> /home/aladine/memoir/multi-robot-exploration-rl-master/build/start_reinforcement_learning/build/lib/start_reinforcement_learning
[3.228s] copying start_reinforcement_learning/env_logic/logic.py -> /home/aladine/memoir/multi-robot-exploration-rl-master/build/start_reinforcement_learning/build/lib/start_reinforcement_learning/env_logic
[3.229s] running install
[3.229s] running install_lib
[3.230s] creating /home/aladine/memoir/multi-robot-exploration-rl-master/install/start_reinforcement_learning/lib/python3.10/site-packages/start_reinforcement_learning
[3.231s] copying /home/aladine/memoir/multi-robot-exploration-rl-master/build/start_reinforcement_learning/build/lib/start_reinforcement_learning/algorithm_comparison.py -> /home/aladine/memoir/multi-robot-exploration-rl-master/install/start_reinforcement_learning/lib/python3.10/site-packages/start_reinforcement_learning
[3.232s] copying /home/aladine/memoir/multi-robot-exploration-rl-master/build/start_reinforcement_learning/build/lib/start_reinforcement_learning/maddpg_main.py -> /home/aladine/memoir/multi-robot-exploration-rl-master/install/start_reinforcement_learning/lib/python3.10/site-packages/start_reinforcement_learning
[3.232s] copying /home/aladine/memoir/multi-robot-exploration-rl-master/build/start_reinforcement_learning/build/lib/start_reinforcement_learning/run_algorithm_comparison.py -> /home/aladine/memoir/multi-robot-exploration-rl-master/install/start_reinforcement_learning/lib/python3.10/site-packages/start_reinforcement_learning
[3.233s] copying /home/aladine/memoir/multi-robot-exploration-rl-master/build/start_reinforcement_learning/build/lib/start_reinforcement_learning/mappo_main.py -> /home/aladine/memoir/multi-robot-exploration-rl-master/install/start_reinforcement_learning/lib/python3.10/site-packages/start_reinforcement_learning
[3.233s] creating /home/aladine/memoir/multi-robot-exploration-rl-master/install/start_reinforcement_learning/lib/python3.10/site-packages/start_reinforcement_learning/mappo_algorithm
[3.234s] copying /home/aladine/memoir/multi-robot-exploration-rl-master/build/start_reinforcement_learning/build/lib/start_reinforcement_learning/mappo_algorithm/agent.py -> /home/aladine/memoir/multi-robot-exploration-rl-master/install/start_reinforcement_learning/lib/python3.10/site-packages/start_reinforcement_learning/mappo_algorithm
[3.234s] copying /home/aladine/memoir/multi-robot-exploration-rl-master/build/start_reinforcement_learning/build/lib/start_reinforcement_learning/mappo_algorithm/networks.py -> /home/aladine/memoir/multi-robot-exploration-rl-master/install/start_reinforcement_learning/lib/python3.10/site-packages/start_reinforcement_learning/mappo_algorithm
[3.235s] copying /home/aladine/memoir/multi-robot-exploration-rl-master/build/start_reinforcement_learning/build/lib/start_reinforcement_learning/mappo_algorithm/mappo.py -> /home/aladine/memoir/multi-robot-exploration-rl-master/install/start_reinforcement_learning/lib/python3.10/site-packages/start_reinforcement_learning/mappo_algorithm
[3.235s] copying /home/aladine/memoir/multi-robot-exploration-rl-master/build/start_reinforcement_learning/build/lib/start_reinforcement_learning/mappo_algorithm/buffer.py -> /home/aladine/memoir/multi-robot-exploration-rl-master/install/start_reinforcement_learning/lib/python3.10/site-packages/start_reinforcement_learning/mappo_algorithm
[3.236s] copying /home/aladine/memoir/multi-robot-exploration-rl-master/build/start_reinforcement_learning/build/lib/start_reinforcement_learning/mappo_algorithm/__init__.py -> /home/aladine/memoir/multi-robot-exploration-rl-master/install/start_reinforcement_learning/lib/python3.10/site-packages/start_reinforcement_learning/mappo_algorithm
[3.236s] copying /home/aladine/memoir/multi-robot-exploration-rl-master/build/start_reinforcement_learning/build/lib/start_reinforcement_learning/mappo_algorithm/restart_environment.py -> /home/aladine/memoir/multi-robot-exploration-rl-master/install/start_reinforcement_learning/lib/python3.10/site-packages/start_reinforcement_learning/mappo_algorithm
[3.237s] copying /home/aladine/memoir/multi-robot-exploration-rl-master/build/start_reinforcement_learning/build/lib/start_reinforcement_learning/mappo_algorithm/logic.py -> /home/aladine/memoir/multi-robot-exploration-rl-master/install/start_reinforcement_learning/lib/python3.10/site-packages/start_reinforcement_learning/mappo_algorithm
[3.239s] creating /home/aladine/memoir/multi-robot-exploration-rl-master/install/start_reinforcement_learning/lib/python3.10/site-packages/start_reinforcement_learning/maddpg_algorithm
[3.240s] copying /home/aladine/memoir/multi-robot-exploration-rl-master/build/start_reinforcement_learning/build/lib/start_reinforcement_learning/maddpg_algorithm/agent.py -> /home/aladine/memoir/multi-robot-exploration-rl-master/install/start_reinforcement_learning/lib/python3.10/site-packages/start_reinforcement_learning/maddpg_algorithm
[3.240s] copying /home/aladine/memoir/multi-robot-exploration-rl-master/build/start_reinforcement_learning/build/lib/start_reinforcement_learning/maddpg_algorithm/networks.py -> /home/aladine/memoir/multi-robot-exploration-rl-master/install/start_reinforcement_learning/lib/python3.10/site-packages/start_reinforcement_learning/maddpg_algorithm
[3.240s] copying /home/aladine/memoir/multi-robot-exploration-rl-master/build/start_reinforcement_learning/build/lib/start_reinforcement_learning/maddpg_algorithm/maddpg.py -> /home/aladine/memoir/multi-robot-exploration-rl-master/install/start_reinforcement_learning/lib/python3.10/site-packages/start_reinforcement_learning/maddpg_algorithm
[3.240s] copying /home/aladine/memoir/multi-robot-exploration-rl-master/build/start_reinforcement_learning/build/lib/start_reinforcement_learning/maddpg_algorithm/buffer.py -> /home/aladine/memoir/multi-robot-exploration-rl-master/install/start_reinforcement_learning/lib/python3.10/site-packages/start_reinforcement_learning/maddpg_algorithm
[3.240s] copying /home/aladine/memoir/multi-robot-exploration-rl-master/build/start_reinforcement_learning/build/lib/start_reinforcement_learning/maddpg_algorithm/__init__.py -> /home/aladine/memoir/multi-robot-exploration-rl-master/install/start_reinforcement_learning/lib/python3.10/site-packages/start_reinforcement_learning/maddpg_algorithm
[3.240s] creating /home/aladine/memoir/multi-robot-exploration-rl-master/install/start_reinforcement_learning/lib/python3.10/site-packages/start_reinforcement_learning/env_logic
[3.240s] copying /home/aladine/memoir/multi-robot-exploration-rl-master/build/start_reinforcement_learning/build/lib/start_reinforcement_learning/env_logic/__init__.py -> /home/aladine/memoir/multi-robot-exploration-rl-master/install/start_reinforcement_learning/lib/python3.10/site-packages/start_reinforcement_learning/env_logic
[3.241s] copying /home/aladine/memoir/multi-robot-exploration-rl-master/build/start_reinforcement_learning/build/lib/start_reinforcement_learning/env_logic/restart_environment.py -> /home/aladine/memoir/multi-robot-exploration-rl-master/install/start_reinforcement_learning/lib/python3.10/site-packages/start_reinforcement_learning/env_logic
[3.241s] copying /home/aladine/memoir/multi-robot-exploration-rl-master/build/start_reinforcement_learning/build/lib/start_reinforcement_learning/env_logic/logic.py -> /home/aladine/memoir/multi-robot-exploration-rl-master/install/start_reinforcement_learning/lib/python3.10/site-packages/start_reinforcement_learning/env_logic
[3.241s] copying /home/aladine/memoir/multi-robot-exploration-rl-master/build/start_reinforcement_learning/build/lib/start_reinforcement_learning/__init__.py -> /home/aladine/memoir/multi-robot-exploration-rl-master/install/start_reinforcement_learning/lib/python3.10/site-packages/start_reinforcement_learning
[3.242s] copying /home/aladine/memoir/multi-robot-exploration-rl-master/build/start_reinforcement_learning/build/lib/start_reinforcement_learning/metrics_analyzer.py -> /home/aladine/memoir/multi-robot-exploration-rl-master/install/start_reinforcement_learning/lib/python3.10/site-packages/start_reinforcement_learning
[3.242s] copying /home/aladine/memoir/multi-robot-exploration-rl-master/build/start_reinforcement_learning/build/lib/start_reinforcement_learning/restart_environment.py -> /home/aladine/memoir/multi-robot-exploration-rl-master/install/start_reinforcement_learning/lib/python3.10/site-packages/start_reinforcement_learning
[3.242s] copying /home/aladine/memoir/multi-robot-exploration-rl-master/build/start_reinforcement_learning/build/lib/start_reinforcement_learning/maddpg_evaluate.py -> /home/aladine/memoir/multi-robot-exploration-rl-master/install/start_reinforcement_learning/lib/python3.10/site-packages/start_reinforcement_learning
[3.243s] copying /home/aladine/memoir/multi-robot-exploration-rl-master/build/start_reinforcement_learning/build/lib/start_reinforcement_learning/mappo_evaluate.py -> /home/aladine/memoir/multi-robot-exploration-rl-master/install/start_reinforcement_learning/lib/python3.10/site-packages/start_reinforcement_learning
[3.243s] copying /home/aladine/memoir/multi-robot-exploration-rl-master/build/start_reinforcement_learning/build/lib/start_reinforcement_learning/logic.py -> /home/aladine/memoir/multi-robot-exploration-rl-master/install/start_reinforcement_learning/lib/python3.10/site-packages/start_reinforcement_learning
[3.244s] byte-compiling /home/aladine/memoir/multi-robot-exploration-rl-master/install/start_reinforcement_learning/lib/python3.10/site-packages/start_reinforcement_learning/algorithm_comparison.py to algorithm_comparison.cpython-310.pyc
[3.251s] byte-compiling /home/aladine/memoir/multi-robot-exploration-rl-master/install/start_reinforcement_learning/lib/python3.10/site-packages/start_reinforcement_learning/maddpg_main.py to maddpg_main.cpython-310.pyc
[3.252s] byte-compiling /home/aladine/memoir/multi-robot-exploration-rl-master/install/start_reinforcement_learning/lib/python3.10/site-packages/start_reinforcement_learning/run_algorithm_comparison.py to run_algorithm_comparison.cpython-310.pyc
[3.252s] byte-compiling /home/aladine/memoir/multi-robot-exploration-rl-master/install/start_reinforcement_learning/lib/python3.10/site-packages/start_reinforcement_learning/mappo_main.py to mappo_main.cpython-310.pyc
[3.255s] byte-compiling /home/aladine/memoir/multi-robot-exploration-rl-master/install/start_reinforcement_learning/lib/python3.10/site-packages/start_reinforcement_learning/mappo_algorithm/agent.py to agent.cpython-310.pyc
[3.257s] byte-compiling /home/aladine/memoir/multi-robot-exploration-rl-master/install/start_reinforcement_learning/lib/python3.10/site-packages/start_reinforcement_learning/mappo_algorithm/networks.py to networks.cpython-310.pyc
[3.258s] byte-compiling /home/aladine/memoir/multi-robot-exploration-rl-master/install/start_reinforcement_learning/lib/python3.10/site-packages/start_reinforcement_learning/mappo_algorithm/mappo.py to mappo.cpython-310.pyc
[3.261s] byte-compiling /home/aladine/memoir/multi-robot-exploration-rl-master/install/start_reinforcement_learning/lib/python3.10/site-packages/start_reinforcement_learning/mappo_algorithm/buffer.py to buffer.cpython-310.pyc
[3.268s] byte-compiling /home/aladine/memoir/multi-robot-exploration-rl-master/install/start_reinforcement_learning/lib/python3.10/site-packages/start_reinforcement_learning/mappo_algorithm/__init__.py to __init__.cpython-310.pyc
[3.268s] byte-compiling /home/aladine/memoir/multi-robot-exploration-rl-master/install/start_reinforcement_learning/lib/python3.10/site-packages/start_reinforcement_learning/mappo_algorithm/restart_environment.py to restart_environment.cpython-310.pyc
[3.271s] byte-compiling /home/aladine/memoir/multi-robot-exploration-rl-master/install/start_reinforcement_learning/lib/python3.10/site-packages/start_reinforcement_learning/mappo_algorithm/logic.py to logic.cpython-310.pyc
[3.275s] byte-compiling /home/aladine/memoir/multi-robot-exploration-rl-master/install/start_reinforcement_learning/lib/python3.10/site-packages/start_reinforcement_learning/maddpg_algorithm/agent.py to agent.cpython-310.pyc
[3.276s] byte-compiling /home/aladine/memoir/multi-robot-exploration-rl-master/install/start_reinforcement_learning/lib/python3.10/site-packages/start_reinforcement_learning/maddpg_algorithm/networks.py to networks.cpython-310.pyc
[3.277s] byte-compiling /home/aladine/memoir/multi-robot-exploration-rl-master/install/start_reinforcement_learning/lib/python3.10/site-packages/start_reinforcement_learning/maddpg_algorithm/maddpg.py to maddpg.cpython-310.pyc
[3.281s] byte-compiling /home/aladine/memoir/multi-robot-exploration-rl-master/install/start_reinforcement_learning/lib/python3.10/site-packages/start_reinforcement_learning/maddpg_algorithm/buffer.py to buffer.cpython-310.pyc
[3.282s] byte-compiling /home/aladine/memoir/multi-robot-exploration-rl-master/install/start_reinforcement_learning/lib/python3.10/site-packages/start_reinforcement_learning/maddpg_algorithm/__init__.py to __init__.cpython-310.pyc
[3.282s] byte-compiling /home/aladine/memoir/multi-robot-exploration-rl-master/install/start_reinforcement_learning/lib/python3.10/site-packages/start_reinforcement_learning/env_logic/__init__.py to __init__.cpython-310.pyc
[3.283s] byte-compiling /home/aladine/memoir/multi-robot-exploration-rl-master/install/start_reinforcement_learning/lib/python3.10/site-packages/start_reinforcement_learning/env_logic/restart_environment.py to restart_environment.cpython-310.pyc
[3.288s] byte-compiling /home/aladine/memoir/multi-robot-exploration-rl-master/install/start_reinforcement_learning/lib/python3.10/site-packages/start_reinforcement_learning/env_logic/logic.py to logic.cpython-310.pyc
[3.292s] byte-compiling /home/aladine/memoir/multi-robot-exploration-rl-master/install/start_reinforcement_learning/lib/python3.10/site-packages/start_reinforcement_learning/__init__.py to __init__.cpython-310.pyc
[3.293s] byte-compiling /home/aladine/memoir/multi-robot-exploration-rl-master/install/start_reinforcement_learning/lib/python3.10/site-packages/start_reinforcement_learning/metrics_analyzer.py to metrics_analyzer.cpython-310.pyc
[3.296s] byte-compiling /home/aladine/memoir/multi-robot-exploration-rl-master/install/start_reinforcement_learning/lib/python3.10/site-packages/start_reinforcement_learning/restart_environment.py to restart_environment.cpython-310.pyc
[3.300s] byte-compiling /home/aladine/memoir/multi-robot-exploration-rl-master/install/start_reinforcement_learning/lib/python3.10/site-packages/start_reinforcement_learning/maddpg_evaluate.py to maddpg_evaluate.cpython-310.pyc
[3.303s] byte-compiling /home/aladine/memoir/multi-robot-exploration-rl-master/install/start_reinforcement_learning/lib/python3.10/site-packages/start_reinforcement_learning/mappo_evaluate.py to mappo_evaluate.cpython-310.pyc
[3.305s] byte-compiling /home/aladine/memoir/multi-robot-exploration-rl-master/install/start_reinforcement_learning/lib/python3.10/site-packages/start_reinforcement_learning/logic.py to logic.cpython-310.pyc
[3.309s] running install_data
[3.309s] copying resource/start_reinforcement_learning -> /home/aladine/memoir/multi-robot-exploration-rl-master/install/start_reinforcement_learning/share/ament_index/resource_index/packages
[3.310s] copying package.xml -> /home/aladine/memoir/multi-robot-exploration-rl-master/install/start_reinforcement_learning/share/start_reinforcement_learning
[3.310s] copying launch/evaluate_mappo.launch.py -> /home/aladine/memoir/multi-robot-exploration-rl-master/install/start_reinforcement_learning/share/start_reinforcement_learning/launch
[3.310s] copying launch/start_learning.launch.py -> /home/aladine/memoir/multi-robot-exploration-rl-master/install/start_reinforcement_learning/share/start_reinforcement_learning/launch
[3.310s] copying launch/evaluate.launch.py -> /home/aladine/memoir/multi-robot-exploration-rl-master/install/start_reinforcement_learning/share/start_reinforcement_learning/launch
[3.311s] copying launch/evaluate_maddpg.launch.py -> /home/aladine/memoir/multi-robot-exploration-rl-master/install/start_reinforcement_learning/share/start_reinforcement_learning/launch
[3.311s] copying launch/compare_algorithms.launch.py -> /home/aladine/memoir/multi-robot-exploration-rl-master/install/start_reinforcement_learning/share/start_reinforcement_learning/launch
[3.311s] running install_egg_info
[3.313s] Copying ../../build/start_reinforcement_learning/start_reinforcement_learning.egg-info to /home/aladine/memoir/multi-robot-exploration-rl-master/install/start_reinforcement_learning/lib/python3.10/site-packages/start_reinforcement_learning-0.0.0-py3.10.egg-info
[3.315s] running install_scripts
[3.351s] Installing run_algorithm_comparison script to /home/aladine/memoir/multi-robot-exploration-rl-master/install/start_reinforcement_learning/lib/start_reinforcement_learning
[3.352s] Installing run_maddpg script to /home/aladine/memoir/multi-robot-exploration-rl-master/install/start_reinforcement_learning/lib/start_reinforcement_learning
[3.352s] Installing run_maddpg_evaluate script to /home/aladine/memoir/multi-robot-exploration-rl-master/install/start_reinforcement_learning/lib/start_reinforcement_learning
[3.352s] Installing run_mappo script to /home/aladine/memoir/multi-robot-exploration-rl-master/install/start_reinforcement_learning/lib/start_reinforcement_learning
[3.353s] Installing run_mappo_evaluate script to /home/aladine/memoir/multi-robot-exploration-rl-master/install/start_reinforcement_learning/lib/start_reinforcement_learning
[3.355s] writing list of installed files to '/home/aladine/memoir/multi-robot-exploration-rl-master/build/start_reinforcement_learning/install.log'
[3.408s] Invoked command in '/home/aladine/memoir/multi-robot-exploration-rl-master/src/start_reinforcement_learning' returned '0': PYTHONPATH=/home/aladine/memoir/multi-robot-exploration-rl-master/build/start_reinforcement_learning/prefix_override:/usr/lib/python3/dist-packages/colcon_core/task/python/colcon_distutils_commands:/home/aladine/memoir/multi-robot-exploration-rl-master/install/start_reinforcement_learning/lib/python3.10/site-packages:${PYTHONPATH} /usr/bin/python3 -W ignore:setup.py install is deprecated -W ignore:easy_install command is deprecated setup.py egg_info --egg-base ../../build/start_reinforcement_learning build --build-base /home/aladine/memoir/multi-robot-exploration-rl-master/build/start_reinforcement_learning/build install --record /home/aladine/memoir/multi-robot-exploration-rl-master/build/start_reinforcement_learning/install.log --single-version-externally-managed install_data --force
