running egg_info
writing ../../build/start_reinforcement_learning/start_reinforcement_learning.egg-info/PKG-INFO
writing dependency_links to ../../build/start_reinforcement_learning/start_reinforcement_learning.egg-info/dependency_links.txt
writing entry points to ../../build/start_reinforcement_learning/start_reinforcement_learning.egg-info/entry_points.txt
writing requirements to ../../build/start_reinforcement_learning/start_reinforcement_learning.egg-info/requires.txt
writing top-level names to ../../build/start_reinforcement_learning/start_reinforcement_learning.egg-info/top_level.txt
reading manifest file '../../build/start_reinforcement_learning/start_reinforcement_learning.egg-info/SOURCES.txt'
writing manifest file '../../build/start_reinforcement_learning/start_reinforcement_learning.egg-info/SOURCES.txt'
running build
running build_py
creating /home/aladine/memoir/multi-robot-exploration-rl-master/build/start_reinforcement_learning/build/lib/start_reinforcement_learning/mappo_algorithm
copying start_reinforcement_learning/mappo_algorithm/agent.py -> /home/aladine/memoir/multi-robot-exploration-rl-master/build/start_reinforcement_learning/build/lib/start_reinforcement_learning/mappo_algorithm
copying start_reinforcement_learning/mappo_algorithm/networks.py -> /home/aladine/memoir/multi-robot-exploration-rl-master/build/start_reinforcement_learning/build/lib/start_reinforcement_learning/mappo_algorithm
copying start_reinforcement_learning/mappo_algorithm/mappo.py -> /home/aladine/memoir/multi-robot-exploration-rl-master/build/start_reinforcement_learning/build/lib/start_reinforcement_learning/mappo_algorithm
copying start_reinforcement_learning/mappo_algorithm/buffer.py -> /home/aladine/memoir/multi-robot-exploration-rl-master/build/start_reinforcement_learning/build/lib/start_reinforcement_learning/mappo_algorithm
copying start_reinforcement_learning/mappo_algorithm/__init__.py -> /home/aladine/memoir/multi-robot-exploration-rl-master/build/start_reinforcement_learning/build/lib/start_reinforcement_learning/mappo_algorithm
copying start_reinforcement_learning/mappo_algorithm/restart_environment.py -> /home/aladine/memoir/multi-robot-exploration-rl-master/build/start_reinforcement_learning/build/lib/start_reinforcement_learning/mappo_algorithm
copying start_reinforcement_learning/mappo_algorithm/logic.py -> /home/aladine/memoir/multi-robot-exploration-rl-master/build/start_reinforcement_learning/build/lib/start_reinforcement_learning/mappo_algorithm
creating /home/aladine/memoir/multi-robot-exploration-rl-master/build/start_reinforcement_learning/build/lib/start_reinforcement_learning/env_logic
copying start_reinforcement_learning/env_logic/restart_environment.py -> /home/aladine/memoir/multi-robot-exploration-rl-master/build/start_reinforcement_learning/build/lib/start_reinforcement_learning/env_logic
copying start_reinforcement_learning/env_logic/logic.py -> /home/aladine/memoir/multi-robot-exploration-rl-master/build/start_reinforcement_learning/build/lib/start_reinforcement_learning/env_logic
creating /home/aladine/memoir/multi-robot-exploration-rl-master/build/start_reinforcement_learning/build/lib/start_reinforcement_learning/maddpg_algorithm
copying start_reinforcement_learning/maddpg_algorithm/agent.py -> /home/aladine/memoir/multi-robot-exploration-rl-master/build/start_reinforcement_learning/build/lib/start_reinforcement_learning/maddpg_algorithm
copying start_reinforcement_learning/maddpg_algorithm/networks.py -> /home/aladine/memoir/multi-robot-exploration-rl-master/build/start_reinforcement_learning/build/lib/start_reinforcement_learning/maddpg_algorithm
copying start_reinforcement_learning/maddpg_algorithm/maddpg.py -> /home/aladine/memoir/multi-robot-exploration-rl-master/build/start_reinforcement_learning/build/lib/start_reinforcement_learning/maddpg_algorithm
copying start_reinforcement_learning/maddpg_algorithm/buffer.py -> /home/aladine/memoir/multi-robot-exploration-rl-master/build/start_reinforcement_learning/build/lib/start_reinforcement_learning/maddpg_algorithm
running install
running install_lib
creating /home/aladine/memoir/multi-robot-exploration-rl-master/install/start_reinforcement_learning/lib/python3.10/site-packages/start_reinforcement_learning/mappo_algorithm
copying /home/aladine/memoir/multi-robot-exploration-rl-master/build/start_reinforcement_learning/build/lib/start_reinforcement_learning/mappo_algorithm/agent.py -> /home/aladine/memoir/multi-robot-exploration-rl-master/install/start_reinforcement_learning/lib/python3.10/site-packages/start_reinforcement_learning/mappo_algorithm
copying /home/aladine/memoir/multi-robot-exploration-rl-master/build/start_reinforcement_learning/build/lib/start_reinforcement_learning/mappo_algorithm/networks.py -> /home/aladine/memoir/multi-robot-exploration-rl-master/install/start_reinforcement_learning/lib/python3.10/site-packages/start_reinforcement_learning/mappo_algorithm
copying /home/aladine/memoir/multi-robot-exploration-rl-master/build/start_reinforcement_learning/build/lib/start_reinforcement_learning/mappo_algorithm/mappo.py -> /home/aladine/memoir/multi-robot-exploration-rl-master/install/start_reinforcement_learning/lib/python3.10/site-packages/start_reinforcement_learning/mappo_algorithm
copying /home/aladine/memoir/multi-robot-exploration-rl-master/build/start_reinforcement_learning/build/lib/start_reinforcement_learning/mappo_algorithm/buffer.py -> /home/aladine/memoir/multi-robot-exploration-rl-master/install/start_reinforcement_learning/lib/python3.10/site-packages/start_reinforcement_learning/mappo_algorithm
copying /home/aladine/memoir/multi-robot-exploration-rl-master/build/start_reinforcement_learning/build/lib/start_reinforcement_learning/mappo_algorithm/__init__.py -> /home/aladine/memoir/multi-robot-exploration-rl-master/install/start_reinforcement_learning/lib/python3.10/site-packages/start_reinforcement_learning/mappo_algorithm
copying /home/aladine/memoir/multi-robot-exploration-rl-master/build/start_reinforcement_learning/build/lib/start_reinforcement_learning/mappo_algorithm/restart_environment.py -> /home/aladine/memoir/multi-robot-exploration-rl-master/install/start_reinforcement_learning/lib/python3.10/site-packages/start_reinforcement_learning/mappo_algorithm
copying /home/aladine/memoir/multi-robot-exploration-rl-master/build/start_reinforcement_learning/build/lib/start_reinforcement_learning/mappo_algorithm/logic.py -> /home/aladine/memoir/multi-robot-exploration-rl-master/install/start_reinforcement_learning/lib/python3.10/site-packages/start_reinforcement_learning/mappo_algorithm
creating /home/aladine/memoir/multi-robot-exploration-rl-master/install/start_reinforcement_learning/lib/python3.10/site-packages/start_reinforcement_learning/maddpg_algorithm
copying /home/aladine/memoir/multi-robot-exploration-rl-master/build/start_reinforcement_learning/build/lib/start_reinforcement_learning/maddpg_algorithm/agent.py -> /home/aladine/memoir/multi-robot-exploration-rl-master/install/start_reinforcement_learning/lib/python3.10/site-packages/start_reinforcement_learning/maddpg_algorithm
copying /home/aladine/memoir/multi-robot-exploration-rl-master/build/start_reinforcement_learning/build/lib/start_reinforcement_learning/maddpg_algorithm/networks.py -> /home/aladine/memoir/multi-robot-exploration-rl-master/install/start_reinforcement_learning/lib/python3.10/site-packages/start_reinforcement_learning/maddpg_algorithm
copying /home/aladine/memoir/multi-robot-exploration-rl-master/build/start_reinforcement_learning/build/lib/start_reinforcement_learning/maddpg_algorithm/maddpg.py -> /home/aladine/memoir/multi-robot-exploration-rl-master/install/start_reinforcement_learning/lib/python3.10/site-packages/start_reinforcement_learning/maddpg_algorithm
copying /home/aladine/memoir/multi-robot-exploration-rl-master/build/start_reinforcement_learning/build/lib/start_reinforcement_learning/maddpg_algorithm/buffer.py -> /home/aladine/memoir/multi-robot-exploration-rl-master/install/start_reinforcement_learning/lib/python3.10/site-packages/start_reinforcement_learning/maddpg_algorithm
creating /home/aladine/memoir/multi-robot-exploration-rl-master/install/start_reinforcement_learning/lib/python3.10/site-packages/start_reinforcement_learning/env_logic
copying /home/aladine/memoir/multi-robot-exploration-rl-master/build/start_reinforcement_learning/build/lib/start_reinforcement_learning/env_logic/restart_environment.py -> /home/aladine/memoir/multi-robot-exploration-rl-master/install/start_reinforcement_learning/lib/python3.10/site-packages/start_reinforcement_learning/env_logic
copying /home/aladine/memoir/multi-robot-exploration-rl-master/build/start_reinforcement_learning/build/lib/start_reinforcement_learning/env_logic/logic.py -> /home/aladine/memoir/multi-robot-exploration-rl-master/install/start_reinforcement_learning/lib/python3.10/site-packages/start_reinforcement_learning/env_logic
byte-compiling /home/aladine/memoir/multi-robot-exploration-rl-master/install/start_reinforcement_learning/lib/python3.10/site-packages/start_reinforcement_learning/mappo_algorithm/agent.py to agent.cpython-310.pyc
byte-compiling /home/aladine/memoir/multi-robot-exploration-rl-master/install/start_reinforcement_learning/lib/python3.10/site-packages/start_reinforcement_learning/mappo_algorithm/networks.py to networks.cpython-310.pyc
byte-compiling /home/aladine/memoir/multi-robot-exploration-rl-master/install/start_reinforcement_learning/lib/python3.10/site-packages/start_reinforcement_learning/mappo_algorithm/mappo.py to mappo.cpython-310.pyc
byte-compiling /home/aladine/memoir/multi-robot-exploration-rl-master/install/start_reinforcement_learning/lib/python3.10/site-packages/start_reinforcement_learning/mappo_algorithm/buffer.py to buffer.cpython-310.pyc
byte-compiling /home/aladine/memoir/multi-robot-exploration-rl-master/install/start_reinforcement_learning/lib/python3.10/site-packages/start_reinforcement_learning/mappo_algorithm/__init__.py to __init__.cpython-310.pyc
byte-compiling /home/aladine/memoir/multi-robot-exploration-rl-master/install/start_reinforcement_learning/lib/python3.10/site-packages/start_reinforcement_learning/mappo_algorithm/restart_environment.py to restart_environment.cpython-310.pyc
byte-compiling /home/aladine/memoir/multi-robot-exploration-rl-master/install/start_reinforcement_learning/lib/python3.10/site-packages/start_reinforcement_learning/mappo_algorithm/logic.py to logic.cpython-310.pyc
byte-compiling /home/aladine/memoir/multi-robot-exploration-rl-master/install/start_reinforcement_learning/lib/python3.10/site-packages/start_reinforcement_learning/maddpg_algorithm/agent.py to agent.cpython-310.pyc
byte-compiling /home/aladine/memoir/multi-robot-exploration-rl-master/install/start_reinforcement_learning/lib/python3.10/site-packages/start_reinforcement_learning/maddpg_algorithm/networks.py to networks.cpython-310.pyc
byte-compiling /home/aladine/memoir/multi-robot-exploration-rl-master/install/start_reinforcement_learning/lib/python3.10/site-packages/start_reinforcement_learning/maddpg_algorithm/maddpg.py to maddpg.cpython-310.pyc
byte-compiling /home/aladine/memoir/multi-robot-exploration-rl-master/install/start_reinforcement_learning/lib/python3.10/site-packages/start_reinforcement_learning/maddpg_algorithm/buffer.py to buffer.cpython-310.pyc
byte-compiling /home/aladine/memoir/multi-robot-exploration-rl-master/install/start_reinforcement_learning/lib/python3.10/site-packages/start_reinforcement_learning/env_logic/restart_environment.py to restart_environment.cpython-310.pyc
byte-compiling /home/aladine/memoir/multi-robot-exploration-rl-master/install/start_reinforcement_learning/lib/python3.10/site-packages/start_reinforcement_learning/env_logic/logic.py to logic.cpython-310.pyc
running install_data
running install_egg_info
removing '/home/aladine/memoir/multi-robot-exploration-rl-master/install/start_reinforcement_learning/lib/python3.10/site-packages/start_reinforcement_learning-0.0.0-py3.10.egg-info' (and everything under it)
Copying ../../build/start_reinforcement_learning/start_reinforcement_learning.egg-info to /home/aladine/memoir/multi-robot-exploration-rl-master/install/start_reinforcement_learning/lib/python3.10/site-packages/start_reinforcement_learning-0.0.0-py3.10.egg-info
running install_scripts
Installing run_maddpg script to /home/aladine/memoir/multi-robot-exploration-rl-master/install/start_reinforcement_learning/lib/start_reinforcement_learning
Installing run_mappo script to /home/aladine/memoir/multi-robot-exploration-rl-master/install/start_reinforcement_learning/lib/start_reinforcement_learning
Installing run_mappo_evaluate script to /home/aladine/memoir/multi-robot-exploration-rl-master/install/start_reinforcement_learning/lib/start_reinforcement_learning
writing list of installed files to '/home/aladine/memoir/multi-robot-exploration-rl-master/build/start_reinforcement_learning/install.log'
