[0.473s] Invoking command in '/home/aladine/memoir/multi-robot-exploration-rl-master/build/start_rl_environment': CMAKE_PREFIX_PATH=${CMAKE_PREFIX_PATH}:/home/aladine/memoir/multi-robot-exploration-rl-master/install/start_reinforcement_learning:/opt/ros/humble /usr/bin/cmake --build /home/aladine/memoir/multi-robot-exploration-rl-master/build/start_rl_environment -- -j4 -l4
[0.528s] Invoked command in '/home/aladine/memoir/multi-robot-exploration-rl-master/build/start_rl_environment' returned '0': CMAKE_PREFIX_PATH=${CMAKE_PREFIX_PATH}:/home/aladine/memoir/multi-robot-exploration-rl-master/install/start_reinforcement_learning:/opt/ros/humble /usr/bin/cmake --build /home/aladine/memoir/multi-robot-exploration-rl-master/build/start_rl_environment -- -j4 -l4
[0.543s] Invoking command in '/home/aladine/memoir/multi-robot-exploration-rl-master/build/start_rl_environment': CMAKE_PREFIX_PATH=${CMAKE_PREFIX_PATH}:/home/aladine/memoir/multi-robot-exploration-rl-master/install/start_reinforcement_learning:/opt/ros/humble /usr/bin/cmake --install /home/aladine/memoir/multi-robot-exploration-rl-master/build/start_rl_environment
[0.552s] -- Install configuration: ""
[0.553s] -- Execute custom install script
[0.554s] -- Up-to-date symlink: /home/aladine/memoir/multi-robot-exploration-rl-master/install/start_rl_environment/share/start_rl_environment/description/gazebo_control.xacro
[0.554s] -- Up-to-date symlink: /home/aladine/memoir/multi-robot-exploration-rl-master/install/start_rl_environment/share/start_rl_environment/description/inertial_macros.xacro
[0.554s] -- Up-to-date symlink: /home/aladine/memoir/multi-robot-exploration-rl-master/install/start_rl_environment/share/start_rl_environment/description/lidar.xacro
[0.555s] -- Up-to-date symlink: /home/aladine/memoir/multi-robot-exploration-rl-master/install/start_rl_environment/share/start_rl_environment/description/robot.urdf.xacro
[0.555s] -- Up-to-date symlink: /home/aladine/memoir/multi-robot-exploration-rl-master/install/start_rl_environment/share/start_rl_environment/description/robot_core.xacro
[0.557s] -- Up-to-date symlink: /home/aladine/memoir/multi-robot-exploration-rl-master/install/start_rl_environment/share/start_rl_environment/launch/main.launch.py
[0.558s] -- Up-to-date symlink: /home/aladine/memoir/multi-robot-exploration-rl-master/install/start_rl_environment/share/start_rl_environment/launch/spawn_robots.launch.py
[0.558s] -- Up-to-date symlink: /home/aladine/memoir/multi-robot-exploration-rl-master/install/start_rl_environment/share/start_rl_environment/launch/start_maze_world.launch.py
[0.559s] -- Up-to-date symlink: /home/aladine/memoir/multi-robot-exploration-rl-master/install/start_rl_environment/share/start_rl_environment/launch/start_robots.launch.py
[0.560s] -- Up-to-date symlink: /home/aladine/memoir/multi-robot-exploration-rl-master/install/start_rl_environment/share/start_rl_environment/launch/start_world.launch.py
[0.560s] -- Up-to-date symlink: /home/aladine/memoir/multi-robot-exploration-rl-master/install/start_rl_environment/share/start_rl_environment/worlds/map1.world
[0.560s] -- Up-to-date symlink: /home/aladine/memoir/multi-robot-exploration-rl-master/install/start_rl_environment/share/start_rl_environment/worlds/map2.world
[0.560s] -- Up-to-date symlink: /home/aladine/memoir/multi-robot-exploration-rl-master/install/start_rl_environment/share/start_rl_environment/worlds/maze_map.world
[0.560s] -- Up-to-date symlink: /home/aladine/memoir/multi-robot-exploration-rl-master/install/start_rl_environment/share/start_rl_environment/models/cylinder_g/model.config
[0.561s] -- Up-to-date symlink: /home/aladine/memoir/multi-robot-exploration-rl-master/install/start_rl_environment/share/start_rl_environment/models/cylinder_g/model.sdf
[0.561s] -- Up-to-date symlink: /home/aladine/memoir/multi-robot-exploration-rl-master/install/start_rl_environment/share/start_rl_environment/models/goal_box/model.config
[0.561s] -- Up-to-date symlink: /home/aladine/memoir/multi-robot-exploration-rl-master/install/start_rl_environment/share/start_rl_environment/models/goal_box/model.sdf
[0.561s] -- Up-to-date symlink: /home/aladine/memoir/multi-robot-exploration-rl-master/install/start_rl_environment/share/start_rl_environment/models/grey_wall/materials/scripts/grey_wall.material
[0.562s] -- Up-to-date symlink: /home/aladine/memoir/multi-robot-exploration-rl-master/install/start_rl_environment/share/start_rl_environment/models/grey_wall/materials/textures/grey_wall.png
[0.562s] -- Up-to-date symlink: /home/aladine/memoir/multi-robot-exploration-rl-master/install/start_rl_environment/share/start_rl_environment/models/grey_wall/model-1_3.sdf
[0.562s] -- Up-to-date symlink: /home/aladine/memoir/multi-robot-exploration-rl-master/install/start_rl_environment/share/start_rl_environment/models/grey_wall/model-1_4.sdf
[0.562s] -- Up-to-date symlink: /home/aladine/memoir/multi-robot-exploration-rl-master/install/start_rl_environment/share/start_rl_environment/models/grey_wall/model.config
[0.563s] -- Up-to-date symlink: /home/aladine/memoir/multi-robot-exploration-rl-master/install/start_rl_environment/share/start_rl_environment/models/grey_wall/model.sdf
[0.563s] -- Up-to-date symlink: /home/aladine/memoir/multi-robot-exploration-rl-master/install/start_rl_environment/share/start_rl_environment/models/ground_plane/model-1_2.sdf
[0.563s] -- Up-to-date symlink: /home/aladine/memoir/multi-robot-exploration-rl-master/install/start_rl_environment/share/start_rl_environment/models/ground_plane/model-1_3.sdf
[0.563s] -- Up-to-date symlink: /home/aladine/memoir/multi-robot-exploration-rl-master/install/start_rl_environment/share/start_rl_environment/models/ground_plane/model-1_4.sdf
[0.563s] -- Up-to-date symlink: /home/aladine/memoir/multi-robot-exploration-rl-master/install/start_rl_environment/share/start_rl_environment/models/ground_plane/model.config
[0.564s] -- Up-to-date symlink: /home/aladine/memoir/multi-robot-exploration-rl-master/install/start_rl_environment/share/start_rl_environment/models/ground_plane/model.sdf
[0.564s] -- Up-to-date symlink: /home/aladine/memoir/multi-robot-exploration-rl-master/install/start_rl_environment/share/ament_index/resource_index/package_run_dependencies/start_rl_environment
[0.565s] -- Up-to-date symlink: /home/aladine/memoir/multi-robot-exploration-rl-master/install/start_rl_environment/share/ament_index/resource_index/parent_prefix_path/start_rl_environment
[0.565s] -- Up-to-date symlink: /home/aladine/memoir/multi-robot-exploration-rl-master/install/start_rl_environment/share/start_rl_environment/environment/ament_prefix_path.sh
[0.565s] -- Up-to-date symlink: /home/aladine/memoir/multi-robot-exploration-rl-master/install/start_rl_environment/share/start_rl_environment/environment/ament_prefix_path.dsv
[0.566s] -- Up-to-date symlink: /home/aladine/memoir/multi-robot-exploration-rl-master/install/start_rl_environment/share/start_rl_environment/environment/path.sh
[0.566s] -- Up-to-date symlink: /home/aladine/memoir/multi-robot-exploration-rl-master/install/start_rl_environment/share/start_rl_environment/environment/path.dsv
[0.566s] -- Up-to-date symlink: /home/aladine/memoir/multi-robot-exploration-rl-master/install/start_rl_environment/share/start_rl_environment/local_setup.bash
[0.567s] -- Up-to-date symlink: /home/aladine/memoir/multi-robot-exploration-rl-master/install/start_rl_environment/share/start_rl_environment/local_setup.sh
[0.567s] -- Up-to-date symlink: /home/aladine/memoir/multi-robot-exploration-rl-master/install/start_rl_environment/share/start_rl_environment/local_setup.zsh
[0.567s] -- Up-to-date symlink: /home/aladine/memoir/multi-robot-exploration-rl-master/install/start_rl_environment/share/start_rl_environment/local_setup.dsv
[0.568s] -- Symlinking: /home/aladine/memoir/multi-robot-exploration-rl-master/install/start_rl_environment/share/start_rl_environment/package.dsv
[0.580s] -- Up-to-date symlink: /home/aladine/memoir/multi-robot-exploration-rl-master/install/start_rl_environment/share/ament_index/resource_index/packages/start_rl_environment
[0.581s] -- Up-to-date symlink: /home/aladine/memoir/multi-robot-exploration-rl-master/install/start_rl_environment/share/start_rl_environment/cmake/start_rl_environmentConfig.cmake
[0.581s] -- Up-to-date symlink: /home/aladine/memoir/multi-robot-exploration-rl-master/install/start_rl_environment/share/start_rl_environment/cmake/start_rl_environmentConfig-version.cmake
[0.581s] -- Up-to-date symlink: /home/aladine/memoir/multi-robot-exploration-rl-master/install/start_rl_environment/share/start_rl_environment/package.xml
[0.584s] Invoked command in '/home/aladine/memoir/multi-robot-exploration-rl-master/build/start_rl_environment' returned '0': CMAKE_PREFIX_PATH=${CMAKE_PREFIX_PATH}:/home/aladine/memoir/multi-robot-exploration-rl-master/install/start_reinforcement_learning:/opt/ros/humble /usr/bin/cmake --install /home/aladine/memoir/multi-robot-exploration-rl-master/build/start_rl_environment
