running develop
Removing /home/aladine/memoir/multi-robot-exploration-rl-master/install/start_reinforcement_learning/lib/python3.10/site-packages/start-reinforcement-learning.egg-link (link to .)
running egg_info
writing ../../build/start_reinforcement_learning/start_reinforcement_learning.egg-info/PKG-INFO
writing dependency_links to ../../build/start_reinforcement_learning/start_reinforcement_learning.egg-info/dependency_links.txt
writing entry points to ../../build/start_reinforcement_learning/start_reinforcement_learning.egg-info/entry_points.txt
writing requirements to ../../build/start_reinforcement_learning/start_reinforcement_learning.egg-info/requires.txt
writing top-level names to ../../build/start_reinforcement_learning/start_reinforcement_learning.egg-info/top_level.txt
reading manifest file '../../build/start_reinforcement_learning/start_reinforcement_learning.egg-info/SOURCES.txt'
writing manifest file '../../build/start_reinforcement_learning/start_reinforcement_learning.egg-info/SOURCES.txt'
running build
running build_py
creating /home/aladine/memoir/multi-robot-exploration-rl-master/build/start_reinforcement_learning/build
creating /home/aladine/memoir/multi-robot-exploration-rl-master/build/start_reinforcement_learning/build/lib
creating /home/aladine/memoir/multi-robot-exploration-rl-master/build/start_reinforcement_learning/build/lib/start_reinforcement_learning
copying start_reinforcement_learning/maddpg_main.py -> /home/aladine/memoir/multi-robot-exploration-rl-master/build/start_reinforcement_learning/build/lib/start_reinforcement_learning
copying start_reinforcement_learning/mappo_main.py -> /home/aladine/memoir/multi-robot-exploration-rl-master/build/start_reinforcement_learning/build/lib/start_reinforcement_learning
copying start_reinforcement_learning/__init__.py -> /home/aladine/memoir/multi-robot-exploration-rl-master/build/start_reinforcement_learning/build/lib/start_reinforcement_learning
running install
running install_lib
creating /home/aladine/memoir/multi-robot-exploration-rl-master/install/start_reinforcement_learning/lib/python3.10/site-packages/start_reinforcement_learning
copying /home/aladine/memoir/multi-robot-exploration-rl-master/build/start_reinforcement_learning/build/lib/start_reinforcement_learning/maddpg_main.py -> /home/aladine/memoir/multi-robot-exploration-rl-master/install/start_reinforcement_learning/lib/python3.10/site-packages/start_reinforcement_learning
copying /home/aladine/memoir/multi-robot-exploration-rl-master/build/start_reinforcement_learning/build/lib/start_reinforcement_learning/mappo_main.py -> /home/aladine/memoir/multi-robot-exploration-rl-master/install/start_reinforcement_learning/lib/python3.10/site-packages/start_reinforcement_learning
copying /home/aladine/memoir/multi-robot-exploration-rl-master/build/start_reinforcement_learning/build/lib/start_reinforcement_learning/__init__.py -> /home/aladine/memoir/multi-robot-exploration-rl-master/install/start_reinforcement_learning/lib/python3.10/site-packages/start_reinforcement_learning
byte-compiling /home/aladine/memoir/multi-robot-exploration-rl-master/install/start_reinforcement_learning/lib/python3.10/site-packages/start_reinforcement_learning/maddpg_main.py to maddpg_main.cpython-310.pyc
byte-compiling /home/aladine/memoir/multi-robot-exploration-rl-master/install/start_reinforcement_learning/lib/python3.10/site-packages/start_reinforcement_learning/mappo_main.py to mappo_main.cpython-310.pyc
byte-compiling /home/aladine/memoir/multi-robot-exploration-rl-master/install/start_reinforcement_learning/lib/python3.10/site-packages/start_reinforcement_learning/__init__.py to __init__.cpython-310.pyc
running install_data
copying resource/start_reinforcement_learning -> /home/aladine/memoir/multi-robot-exploration-rl-master/install/start_reinforcement_learning/share/ament_index/resource_index/packages
copying package.xml -> /home/aladine/memoir/multi-robot-exploration-rl-master/install/start_reinforcement_learning/share/start_reinforcement_learning
copying launch/start_learning.launch.py -> /home/aladine/memoir/multi-robot-exploration-rl-master/install/start_reinforcement_learning/share/start_reinforcement_learning/launch
running install_egg_info
Copying ../../build/start_reinforcement_learning/start_reinforcement_learning.egg-info to /home/aladine/memoir/multi-robot-exploration-rl-master/install/start_reinforcement_learning/lib/python3.10/site-packages/start_reinforcement_learning-0.0.0-py3.10.egg-info
running install_scripts
Installing run_maddpg script to /home/aladine/memoir/multi-robot-exploration-rl-master/install/start_reinforcement_learning/lib/start_reinforcement_learning
Installing run_mappo script to /home/aladine/memoir/multi-robot-exploration-rl-master/install/start_reinforcement_learning/lib/start_reinforcement_learning
writing list of installed files to '/home/aladine/memoir/multi-robot-exploration-rl-master/build/start_reinforcement_learning/install.log'
