[0.160s] DEBUG:colcon:Command line arguments: ['/usr/bin/colcon', 'build', '--packages-select', 'start_rl_environment']
[0.160s] DEBUG:colcon:Parsed command line arguments: Namespace(log_base=None, log_level=None, verb_name='build', build_base='build', install_base='install', merge_install=False, symlink_install=False, test_result_base=None, continue_on_error=False, executor='parallel', parallel_workers=4, event_handlers=None, ignore_user_meta=False, metas=['./colcon.meta'], base_paths=['.'], packages_ignore=None, packages_ignore_regex=None, paths=None, packages_up_to=None, packages_up_to_regex=None, packages_above=None, packages_above_and_dependencies=None, packages_above_depth=None, packages_select_by_dep=None, packages_skip_by_dep=None, packages_skip_up_to=None, packages_select_build_failed=False, packages_skip_build_finished=False, packages_select_test_failures=False, packages_skip_test_passed=False, packages_select=['start_rl_environment'], packages_skip=None, packages_select_regex=None, packages_skip_regex=None, packages_start=None, packages_end=None, allow_overriding=[], cmake_args=None, cmake_target=None, cmake_target_skip_unavailable=False, cmake_clean_cache=False, cmake_clean_first=False, cmake_force_configure=False, ament_cmake_args=None, catkin_cmake_args=None, catkin_skip_building_tests=False, verb_parser=<colcon_defaults.argument_parser.defaults.DefaultArgumentsDecorator object at 0x72e55d389ed0>, verb_extension=<colcon_core.verb.build.BuildVerb object at 0x72e55d3898d0>, main=<bound method BuildVerb.main of <colcon_core.verb.build.BuildVerb object at 0x72e55d3898d0>>)
[0.466s] Level 1:colcon.colcon_core.package_discovery:discover_packages(colcon_meta) check parameters
[0.466s] Level 1:colcon.colcon_core.package_discovery:discover_packages(recursive) check parameters
[0.466s] Level 1:colcon.colcon_core.package_discovery:discover_packages(ignore) check parameters
[0.466s] Level 1:colcon.colcon_core.package_discovery:discover_packages(path) check parameters
[0.466s] Level 1:colcon.colcon_core.package_discovery:discover_packages(colcon_meta) discover
[0.466s] Level 1:colcon.colcon_core.package_discovery:discover_packages(recursive) discover
[0.466s] INFO:colcon.colcon_core.package_discovery:Crawling recursively for packages in '/home/aladine/memoir/multi-robot-exploration-rl-master'
[0.466s] Level 1:colcon.colcon_core.package_identification:_identify(.) by extensions ['ignore', 'ignore_ament_install']
[0.467s] Level 1:colcon.colcon_core.package_identification:_identify(.) by extension 'ignore'
[0.467s] Level 1:colcon.colcon_core.package_identification:_identify(.) by extension 'ignore_ament_install'
[0.467s] Level 1:colcon.colcon_core.package_identification:_identify(.) by extensions ['colcon_pkg']
[0.467s] Level 1:colcon.colcon_core.package_identification:_identify(.) by extension 'colcon_pkg'
[0.467s] Level 1:colcon.colcon_core.package_identification:_identify(.) by extensions ['colcon_meta']
[0.467s] Level 1:colcon.colcon_core.package_identification:_identify(.) by extension 'colcon_meta'
[0.467s] Level 1:colcon.colcon_core.package_identification:_identify(.) by extensions ['ros']
[0.467s] Level 1:colcon.colcon_core.package_identification:_identify(.) by extension 'ros'
[0.483s] Level 1:colcon.colcon_core.package_identification:_identify(.) by extensions ['cmake', 'python']
[0.483s] Level 1:colcon.colcon_core.package_identification:_identify(.) by extension 'cmake'
[0.483s] Level 1:colcon.colcon_core.package_identification:_identify(.) by extension 'python'
[0.483s] Level 1:colcon.colcon_core.package_identification:_identify(.) by extensions ['python_setup_py']
[0.483s] Level 1:colcon.colcon_core.package_identification:_identify(.) by extension 'python_setup_py'
[0.484s] Level 1:colcon.colcon_core.package_identification:_identify(build) by extensions ['ignore', 'ignore_ament_install']
[0.484s] Level 1:colcon.colcon_core.package_identification:_identify(build) by extension 'ignore'
[0.484s] Level 1:colcon.colcon_core.package_identification:_identify(build) ignored
[0.484s] Level 1:colcon.colcon_core.package_identification:_identify(images) by extensions ['ignore', 'ignore_ament_install']
[0.484s] Level 1:colcon.colcon_core.package_identification:_identify(images) by extension 'ignore'
[0.484s] Level 1:colcon.colcon_core.package_identification:_identify(images) by extension 'ignore_ament_install'
[0.484s] Level 1:colcon.colcon_core.package_identification:_identify(images) by extensions ['colcon_pkg']
[0.485s] Level 1:colcon.colcon_core.package_identification:_identify(images) by extension 'colcon_pkg'
[0.485s] Level 1:colcon.colcon_core.package_identification:_identify(images) by extensions ['colcon_meta']
[0.485s] Level 1:colcon.colcon_core.package_identification:_identify(images) by extension 'colcon_meta'
[0.485s] Level 1:colcon.colcon_core.package_identification:_identify(images) by extensions ['ros']
[0.485s] Level 1:colcon.colcon_core.package_identification:_identify(images) by extension 'ros'
[0.485s] Level 1:colcon.colcon_core.package_identification:_identify(images) by extensions ['cmake', 'python']
[0.485s] Level 1:colcon.colcon_core.package_identification:_identify(images) by extension 'cmake'
[0.485s] Level 1:colcon.colcon_core.package_identification:_identify(images) by extension 'python'
[0.485s] Level 1:colcon.colcon_core.package_identification:_identify(images) by extensions ['python_setup_py']
[0.485s] Level 1:colcon.colcon_core.package_identification:_identify(images) by extension 'python_setup_py'
[0.486s] Level 1:colcon.colcon_core.package_identification:_identify(install) by extensions ['ignore', 'ignore_ament_install']
[0.486s] Level 1:colcon.colcon_core.package_identification:_identify(install) by extension 'ignore'
[0.486s] Level 1:colcon.colcon_core.package_identification:_identify(install) ignored
[0.486s] Level 1:colcon.colcon_core.package_identification:_identify(log) by extensions ['ignore', 'ignore_ament_install']
[0.486s] Level 1:colcon.colcon_core.package_identification:_identify(log) by extension 'ignore'
[0.486s] Level 1:colcon.colcon_core.package_identification:_identify(log) ignored
[0.486s] Level 1:colcon.colcon_core.package_identification:_identify(src) by extensions ['ignore', 'ignore_ament_install']
[0.487s] Level 1:colcon.colcon_core.package_identification:_identify(src) by extension 'ignore'
[0.487s] Level 1:colcon.colcon_core.package_identification:_identify(src) by extension 'ignore_ament_install'
[0.487s] Level 1:colcon.colcon_core.package_identification:_identify(src) by extensions ['colcon_pkg']
[0.487s] Level 1:colcon.colcon_core.package_identification:_identify(src) by extension 'colcon_pkg'
[0.487s] Level 1:colcon.colcon_core.package_identification:_identify(src) by extensions ['colcon_meta']
[0.487s] Level 1:colcon.colcon_core.package_identification:_identify(src) by extension 'colcon_meta'
[0.487s] Level 1:colcon.colcon_core.package_identification:_identify(src) by extensions ['ros']
[0.487s] Level 1:colcon.colcon_core.package_identification:_identify(src) by extension 'ros'
[0.487s] Level 1:colcon.colcon_core.package_identification:_identify(src) by extensions ['cmake', 'python']
[0.487s] Level 1:colcon.colcon_core.package_identification:_identify(src) by extension 'cmake'
[0.487s] Level 1:colcon.colcon_core.package_identification:_identify(src) by extension 'python'
[0.487s] Level 1:colcon.colcon_core.package_identification:_identify(src) by extensions ['python_setup_py']
[0.488s] Level 1:colcon.colcon_core.package_identification:_identify(src) by extension 'python_setup_py'
[0.488s] Level 1:colcon.colcon_core.package_identification:_identify(src/start_reinforcement_learning) by extensions ['ignore', 'ignore_ament_install']
[0.488s] Level 1:colcon.colcon_core.package_identification:_identify(src/start_reinforcement_learning) by extension 'ignore'
[0.488s] Level 1:colcon.colcon_core.package_identification:_identify(src/start_reinforcement_learning) by extension 'ignore_ament_install'
[0.488s] Level 1:colcon.colcon_core.package_identification:_identify(src/start_reinforcement_learning) by extensions ['colcon_pkg']
[0.488s] Level 1:colcon.colcon_core.package_identification:_identify(src/start_reinforcement_learning) by extension 'colcon_pkg'
[0.488s] Level 1:colcon.colcon_core.package_identification:_identify(src/start_reinforcement_learning) by extensions ['colcon_meta']
[0.488s] Level 1:colcon.colcon_core.package_identification:_identify(src/start_reinforcement_learning) by extension 'colcon_meta'
[0.488s] Level 1:colcon.colcon_core.package_identification:_identify(src/start_reinforcement_learning) by extensions ['ros']
[0.489s] Level 1:colcon.colcon_core.package_identification:_identify(src/start_reinforcement_learning) by extension 'ros'
[0.504s] DEBUG:colcon.colcon_core.package_identification:Package 'src/start_reinforcement_learning' with type 'ros.ament_python' and name 'start_reinforcement_learning'
[0.504s] Level 1:colcon.colcon_core.package_identification:_identify(src/start_rl_environment) by extensions ['ignore', 'ignore_ament_install']
[0.504s] Level 1:colcon.colcon_core.package_identification:_identify(src/start_rl_environment) by extension 'ignore'
[0.504s] Level 1:colcon.colcon_core.package_identification:_identify(src/start_rl_environment) by extension 'ignore_ament_install'
[0.505s] Level 1:colcon.colcon_core.package_identification:_identify(src/start_rl_environment) by extensions ['colcon_pkg']
[0.505s] Level 1:colcon.colcon_core.package_identification:_identify(src/start_rl_environment) by extension 'colcon_pkg'
[0.505s] Level 1:colcon.colcon_core.package_identification:_identify(src/start_rl_environment) by extensions ['colcon_meta']
[0.505s] Level 1:colcon.colcon_core.package_identification:_identify(src/start_rl_environment) by extension 'colcon_meta'
[0.505s] Level 1:colcon.colcon_core.package_identification:_identify(src/start_rl_environment) by extensions ['ros']
[0.505s] Level 1:colcon.colcon_core.package_identification:_identify(src/start_rl_environment) by extension 'ros'
[0.506s] DEBUG:colcon.colcon_core.package_identification:Package 'src/start_rl_environment' with type 'ros.ament_cmake' and name 'start_rl_environment'
[0.506s] Level 1:colcon.colcon_core.package_discovery:discover_packages(recursive) using defaults
[0.506s] Level 1:colcon.colcon_core.package_discovery:discover_packages(ignore) discover
[0.506s] Level 1:colcon.colcon_core.package_discovery:discover_packages(ignore) using defaults
[0.506s] Level 1:colcon.colcon_core.package_discovery:discover_packages(path) discover
[0.506s] Level 1:colcon.colcon_core.package_discovery:discover_packages(path) using defaults
[0.548s] INFO:colcon.colcon_core.package_selection:Skipping not selected package 'start_reinforcement_learning' in 'src/start_reinforcement_learning'
[0.549s] Level 1:colcon.colcon_core.package_discovery:discover_packages(prefix_path) check parameters
[0.549s] Level 1:colcon.colcon_core.package_discovery:discover_packages(prefix_path) discover
[0.554s] DEBUG:colcon.colcon_installed_package_information.package_discovery:Found 427 installed packages in /opt/ros/humble
[0.557s] Level 1:colcon.colcon_core.package_discovery:discover_packages(prefix_path) using defaults
[0.646s] Level 5:colcon.colcon_core.verb:set package 'start_rl_environment' build argument 'cmake_args' from command line to 'None'
[0.646s] Level 5:colcon.colcon_core.verb:set package 'start_rl_environment' build argument 'cmake_target' from command line to 'None'
[0.646s] Level 5:colcon.colcon_core.verb:set package 'start_rl_environment' build argument 'cmake_target_skip_unavailable' from command line to 'False'
[0.646s] Level 5:colcon.colcon_core.verb:set package 'start_rl_environment' build argument 'cmake_clean_cache' from command line to 'False'
[0.646s] Level 5:colcon.colcon_core.verb:set package 'start_rl_environment' build argument 'cmake_clean_first' from command line to 'False'
[0.646s] Level 5:colcon.colcon_core.verb:set package 'start_rl_environment' build argument 'cmake_force_configure' from command line to 'False'
[0.646s] Level 5:colcon.colcon_core.verb:set package 'start_rl_environment' build argument 'ament_cmake_args' from command line to 'None'
[0.646s] Level 5:colcon.colcon_core.verb:set package 'start_rl_environment' build argument 'catkin_cmake_args' from command line to 'None'
[0.646s] Level 5:colcon.colcon_core.verb:set package 'start_rl_environment' build argument 'catkin_skip_building_tests' from command line to 'False'
[0.647s] DEBUG:colcon.colcon_core.verb:Building package 'start_rl_environment' with the following arguments: {'ament_cmake_args': None, 'build_base': '/home/aladine/memoir/multi-robot-exploration-rl-master/build/start_rl_environment', 'catkin_cmake_args': None, 'catkin_skip_building_tests': False, 'cmake_args': None, 'cmake_clean_cache': False, 'cmake_clean_first': False, 'cmake_force_configure': False, 'cmake_target': None, 'cmake_target_skip_unavailable': False, 'install_base': '/home/aladine/memoir/multi-robot-exploration-rl-master/install/start_rl_environment', 'merge_install': False, 'path': '/home/aladine/memoir/multi-robot-exploration-rl-master/src/start_rl_environment', 'symlink_install': False, 'test_result_base': None}
[0.647s] INFO:colcon.colcon_core.executor:Executing jobs using 'parallel' executor
[0.649s] DEBUG:colcon.colcon_parallel_executor.executor.parallel:run_until_complete
[0.650s] INFO:colcon.colcon_ros.task.ament_cmake.build:Building ROS package in '/home/aladine/memoir/multi-robot-exploration-rl-master/src/start_rl_environment' with build type 'ament_cmake'
[0.651s] INFO:colcon.colcon_cmake.task.cmake.build:Building CMake package in '/home/aladine/memoir/multi-robot-exploration-rl-master/src/start_rl_environment'
[0.655s] INFO:colcon.colcon_core.plugin_system:Skipping extension 'colcon_core.shell.bat': Not used on non-Windows systems
[0.656s] INFO:colcon.colcon_core.shell:Skip shell extension 'powershell' for command environment: Not usable outside of PowerShell
[0.656s] DEBUG:colcon.colcon_core.shell:Skip shell extension 'dsv' for command environment
[0.678s] DEBUG:colcon.colcon_core.event_handler.log_command:Invoking command in '/home/aladine/memoir/multi-robot-exploration-rl-master/build/start_rl_environment': CMAKE_PREFIX_PATH=/opt/ros/humble /usr/bin/cmake /home/aladine/memoir/multi-robot-exploration-rl-master/src/start_rl_environment -DCMAKE_INSTALL_PREFIX=/home/aladine/memoir/multi-robot-exploration-rl-master/install/start_rl_environment
[1.326s] DEBUG:colcon.colcon_core.event_handler.log_command:Invoked command in '/home/aladine/memoir/multi-robot-exploration-rl-master/build/start_rl_environment' returned '0': CMAKE_PREFIX_PATH=/opt/ros/humble /usr/bin/cmake /home/aladine/memoir/multi-robot-exploration-rl-master/src/start_rl_environment -DCMAKE_INSTALL_PREFIX=/home/aladine/memoir/multi-robot-exploration-rl-master/install/start_rl_environment
[1.329s] DEBUG:colcon.colcon_core.event_handler.log_command:Invoking command in '/home/aladine/memoir/multi-robot-exploration-rl-master/build/start_rl_environment': CMAKE_PREFIX_PATH=/opt/ros/humble /usr/bin/cmake --build /home/aladine/memoir/multi-robot-exploration-rl-master/build/start_rl_environment -- -j4 -l4
[1.384s] DEBUG:colcon.colcon_core.event_handler.log_command:Invoked command in '/home/aladine/memoir/multi-robot-exploration-rl-master/build/start_rl_environment' returned '0': CMAKE_PREFIX_PATH=/opt/ros/humble /usr/bin/cmake --build /home/aladine/memoir/multi-robot-exploration-rl-master/build/start_rl_environment -- -j4 -l4
[1.398s] DEBUG:colcon.colcon_core.event_handler.log_command:Invoking command in '/home/aladine/memoir/multi-robot-exploration-rl-master/build/start_rl_environment': CMAKE_PREFIX_PATH=/opt/ros/humble /usr/bin/cmake --install /home/aladine/memoir/multi-robot-exploration-rl-master/build/start_rl_environment
[1.441s] Level 1:colcon.colcon_core.environment:create_environment_scripts_only(start_rl_environment)
[1.442s] DEBUG:colcon.colcon_core.event_handler.log_command:Invoked command in '/home/aladine/memoir/multi-robot-exploration-rl-master/build/start_rl_environment' returned '0': CMAKE_PREFIX_PATH=/opt/ros/humble /usr/bin/cmake --install /home/aladine/memoir/multi-robot-exploration-rl-master/build/start_rl_environment
[1.445s] Level 1:colcon.colcon_core.environment:checking '/home/aladine/memoir/multi-robot-exploration-rl-master/install/start_rl_environment' for CMake module files
[1.446s] Level 1:colcon.colcon_core.environment:checking '/home/aladine/memoir/multi-robot-exploration-rl-master/install/start_rl_environment' for CMake config files
[1.447s] Level 1:colcon.colcon_core.shell:create_environment_hook('start_rl_environment', 'cmake_prefix_path')
[1.448s] INFO:colcon.colcon_core.shell:Creating environment hook '/home/aladine/memoir/multi-robot-exploration-rl-master/install/start_rl_environment/share/start_rl_environment/hook/cmake_prefix_path.ps1'
[1.449s] INFO:colcon.colcon_core.shell:Creating environment descriptor '/home/aladine/memoir/multi-robot-exploration-rl-master/install/start_rl_environment/share/start_rl_environment/hook/cmake_prefix_path.dsv'
[1.450s] INFO:colcon.colcon_core.shell:Creating environment hook '/home/aladine/memoir/multi-robot-exploration-rl-master/install/start_rl_environment/share/start_rl_environment/hook/cmake_prefix_path.sh'
[1.451s] Level 1:colcon.colcon_core.environment:checking '/home/aladine/memoir/multi-robot-exploration-rl-master/install/start_rl_environment/bin'
[1.451s] Level 1:colcon.colcon_core.environment:checking '/home/aladine/memoir/multi-robot-exploration-rl-master/install/start_rl_environment/lib/pkgconfig/start_rl_environment.pc'
[1.452s] Level 1:colcon.colcon_core.environment:checking '/home/aladine/memoir/multi-robot-exploration-rl-master/install/start_rl_environment/lib/python3.10/site-packages'
[1.452s] Level 1:colcon.colcon_core.environment:checking '/home/aladine/memoir/multi-robot-exploration-rl-master/install/start_rl_environment/bin'
[1.453s] INFO:colcon.colcon_core.shell:Creating package script '/home/aladine/memoir/multi-robot-exploration-rl-master/install/start_rl_environment/share/start_rl_environment/package.ps1'
[1.454s] INFO:colcon.colcon_core.shell:Creating package descriptor '/home/aladine/memoir/multi-robot-exploration-rl-master/install/start_rl_environment/share/start_rl_environment/package.dsv'
[1.455s] INFO:colcon.colcon_core.shell:Creating package script '/home/aladine/memoir/multi-robot-exploration-rl-master/install/start_rl_environment/share/start_rl_environment/package.sh'
[1.456s] INFO:colcon.colcon_core.shell:Creating package script '/home/aladine/memoir/multi-robot-exploration-rl-master/install/start_rl_environment/share/start_rl_environment/package.bash'
[1.457s] INFO:colcon.colcon_core.shell:Creating package script '/home/aladine/memoir/multi-robot-exploration-rl-master/install/start_rl_environment/share/start_rl_environment/package.zsh'
[1.458s] Level 1:colcon.colcon_core.environment:create_file_with_runtime_dependencies(/home/aladine/memoir/multi-robot-exploration-rl-master/install/start_rl_environment/share/colcon-core/packages/start_rl_environment)
[1.459s] Level 1:colcon.colcon_core.environment:create_environment_scripts_only(start_rl_environment)
[1.459s] Level 1:colcon.colcon_core.environment:checking '/home/aladine/memoir/multi-robot-exploration-rl-master/install/start_rl_environment' for CMake module files
[1.460s] Level 1:colcon.colcon_core.environment:checking '/home/aladine/memoir/multi-robot-exploration-rl-master/install/start_rl_environment' for CMake config files
[1.461s] Level 1:colcon.colcon_core.shell:create_environment_hook('start_rl_environment', 'cmake_prefix_path')
[1.461s] INFO:colcon.colcon_core.shell:Creating environment hook '/home/aladine/memoir/multi-robot-exploration-rl-master/install/start_rl_environment/share/start_rl_environment/hook/cmake_prefix_path.ps1'
[1.462s] INFO:colcon.colcon_core.shell:Creating environment descriptor '/home/aladine/memoir/multi-robot-exploration-rl-master/install/start_rl_environment/share/start_rl_environment/hook/cmake_prefix_path.dsv'
[1.463s] INFO:colcon.colcon_core.shell:Creating environment hook '/home/aladine/memoir/multi-robot-exploration-rl-master/install/start_rl_environment/share/start_rl_environment/hook/cmake_prefix_path.sh'
[1.464s] Level 1:colcon.colcon_core.environment:checking '/home/aladine/memoir/multi-robot-exploration-rl-master/install/start_rl_environment/bin'
[1.464s] Level 1:colcon.colcon_core.environment:checking '/home/aladine/memoir/multi-robot-exploration-rl-master/install/start_rl_environment/lib/pkgconfig/start_rl_environment.pc'
[1.464s] Level 1:colcon.colcon_core.environment:checking '/home/aladine/memoir/multi-robot-exploration-rl-master/install/start_rl_environment/lib/python3.10/site-packages'
[1.465s] Level 1:colcon.colcon_core.environment:checking '/home/aladine/memoir/multi-robot-exploration-rl-master/install/start_rl_environment/bin'
[1.465s] INFO:colcon.colcon_core.shell:Creating package script '/home/aladine/memoir/multi-robot-exploration-rl-master/install/start_rl_environment/share/start_rl_environment/package.ps1'
[1.466s] INFO:colcon.colcon_core.shell:Creating package descriptor '/home/aladine/memoir/multi-robot-exploration-rl-master/install/start_rl_environment/share/start_rl_environment/package.dsv'
[1.467s] INFO:colcon.colcon_core.shell:Creating package script '/home/aladine/memoir/multi-robot-exploration-rl-master/install/start_rl_environment/share/start_rl_environment/package.sh'
[1.467s] INFO:colcon.colcon_core.shell:Creating package script '/home/aladine/memoir/multi-robot-exploration-rl-master/install/start_rl_environment/share/start_rl_environment/package.bash'
[1.468s] INFO:colcon.colcon_core.shell:Creating package script '/home/aladine/memoir/multi-robot-exploration-rl-master/install/start_rl_environment/share/start_rl_environment/package.zsh'
[1.469s] Level 1:colcon.colcon_core.environment:create_file_with_runtime_dependencies(/home/aladine/memoir/multi-robot-exploration-rl-master/install/start_rl_environment/share/colcon-core/packages/start_rl_environment)
[1.469s] DEBUG:colcon.colcon_parallel_executor.executor.parallel:closing loop
[1.470s] DEBUG:colcon.colcon_parallel_executor.executor.parallel:loop closed
[1.470s] DEBUG:colcon.colcon_parallel_executor.executor.parallel:run_until_complete finished with '0'
[1.470s] DEBUG:colcon.colcon_core.event_reactor:joining thread
[1.477s] INFO:colcon.colcon_core.plugin_system:Skipping extension 'colcon_notification.desktop_notification.terminal_notifier': Not used on non-Darwin systems
[1.477s] INFO:colcon.colcon_core.plugin_system:Skipping extension 'colcon_notification.desktop_notification.win32': Not used on non-Windows systems
[1.477s] INFO:colcon.colcon_notification.desktop_notification:Sending desktop notification using 'notify2'
[1.495s] DEBUG:colcon.colcon_core.event_reactor:joined thread
[1.496s] INFO:colcon.colcon_core.shell:Creating prefix script '/home/aladine/memoir/multi-robot-exploration-rl-master/install/local_setup.ps1'
[1.497s] INFO:colcon.colcon_core.shell:Creating prefix util module '/home/aladine/memoir/multi-robot-exploration-rl-master/install/_local_setup_util_ps1.py'
[1.501s] INFO:colcon.colcon_core.shell:Creating prefix chain script '/home/aladine/memoir/multi-robot-exploration-rl-master/install/setup.ps1'
[1.503s] INFO:colcon.colcon_core.shell:Creating prefix script '/home/aladine/memoir/multi-robot-exploration-rl-master/install/local_setup.sh'
[1.504s] INFO:colcon.colcon_core.shell:Creating prefix util module '/home/aladine/memoir/multi-robot-exploration-rl-master/install/_local_setup_util_sh.py'
[1.505s] INFO:colcon.colcon_core.shell:Creating prefix chain script '/home/aladine/memoir/multi-robot-exploration-rl-master/install/setup.sh'
[1.508s] INFO:colcon.colcon_core.shell:Creating prefix script '/home/aladine/memoir/multi-robot-exploration-rl-master/install/local_setup.bash'
[1.511s] INFO:colcon.colcon_core.shell:Creating prefix chain script '/home/aladine/memoir/multi-robot-exploration-rl-master/install/setup.bash'
[1.512s] INFO:colcon.colcon_core.shell:Creating prefix script '/home/aladine/memoir/multi-robot-exploration-rl-master/install/local_setup.zsh'
[1.514s] INFO:colcon.colcon_core.shell:Creating prefix chain script '/home/aladine/memoir/multi-robot-exploration-rl-master/install/setup.zsh'
