[0.562s] Invoking command in '/home/aladine/memoir/multi-robot-exploration-rl-master/build/start_rl_environment': CMAKE_PREFIX_PATH=${CMAKE_PREFIX_PATH}:/home/aladine/memoir/multi-robot-exploration-rl-master/install/start_reinforcement_learning:/opt/ros/humble /usr/bin/cmake --build /home/aladine/memoir/multi-robot-exploration-rl-master/build/start_rl_environment -- -j4 -l4
[0.643s] Invoked command in '/home/aladine/memoir/multi-robot-exploration-rl-master/build/start_rl_environment' returned '0': CMAKE_PREFIX_PATH=${CMAKE_PREFIX_PATH}:/home/aladine/memoir/multi-robot-exploration-rl-master/install/start_reinforcement_learning:/opt/ros/humble /usr/bin/cmake --build /home/aladine/memoir/multi-robot-exploration-rl-master/build/start_rl_environment -- -j4 -l4
[0.666s] Invoking command in '/home/aladine/memoir/multi-robot-exploration-rl-master/build/start_rl_environment': CMAKE_PREFIX_PATH=${CMAKE_PREFIX_PATH}:/home/aladine/memoir/multi-robot-exploration-rl-master/install/start_reinforcement_learning:/opt/ros/humble /usr/bin/cmake --install /home/aladine/memoir/multi-robot-exploration-rl-master/build/start_rl_environment
[0.685s] -- Install configuration: ""
[0.686s] -- Execute custom install script
[0.687s] -- Up-to-date symlink: /home/aladine/memoir/multi-robot-exploration-rl-master/install/start_rl_environment/share/start_rl_environment/description/gazebo_control.xacro
[0.687s] -- Up-to-date symlink: /home/aladine/memoir/multi-robot-exploration-rl-master/install/start_rl_environment/share/start_rl_environment/description/inertial_macros.xacro
[0.688s] -- Up-to-date symlink: /home/aladine/memoir/multi-robot-exploration-rl-master/install/start_rl_environment/share/start_rl_environment/description/lidar.xacro
[0.688s] -- Up-to-date symlink: /home/aladine/memoir/multi-robot-exploration-rl-master/install/start_rl_environment/share/start_rl_environment/description/robot.urdf.xacro
[0.688s] -- Up-to-date symlink: /home/aladine/memoir/multi-robot-exploration-rl-master/install/start_rl_environment/share/start_rl_environment/description/robot_core.xacro
[0.689s] -- Up-to-date symlink: /home/aladine/memoir/multi-robot-exploration-rl-master/install/start_rl_environment/share/start_rl_environment/launch/main.launch.py
[0.689s] -- Up-to-date symlink: /home/aladine/memoir/multi-robot-exploration-rl-master/install/start_rl_environment/share/start_rl_environment/launch/spawn_robots.launch.py
[0.689s] -- Up-to-date symlink: /home/aladine/memoir/multi-robot-exploration-rl-master/install/start_rl_environment/share/start_rl_environment/launch/start_maze_world.launch.py
[0.689s] -- Up-to-date symlink: /home/aladine/memoir/multi-robot-exploration-rl-master/install/start_rl_environment/share/start_rl_environment/launch/start_robots.launch.py
[0.690s] -- Up-to-date symlink: /home/aladine/memoir/multi-robot-exploration-rl-master/install/start_rl_environment/share/start_rl_environment/launch/start_world.launch.py
[0.690s] -- Up-to-date symlink: /home/aladine/memoir/multi-robot-exploration-rl-master/install/start_rl_environment/share/start_rl_environment/worlds/map1.world
[0.691s] -- Up-to-date symlink: /home/aladine/memoir/multi-robot-exploration-rl-master/install/start_rl_environment/share/start_rl_environment/worlds/map2.world
[0.691s] -- Up-to-date symlink: /home/aladine/memoir/multi-robot-exploration-rl-master/install/start_rl_environment/share/start_rl_environment/worlds/maze_map.world
[0.692s] -- Up-to-date symlink: /home/aladine/memoir/multi-robot-exploration-rl-master/install/start_rl_environment/share/start_rl_environment/models/cylinder_g/model.config
[0.693s] -- Up-to-date symlink: /home/aladine/memoir/multi-robot-exploration-rl-master/install/start_rl_environment/share/start_rl_environment/models/cylinder_g/model.sdf
[0.693s] -- Up-to-date symlink: /home/aladine/memoir/multi-robot-exploration-rl-master/install/start_rl_environment/share/start_rl_environment/models/goal_box/model.config
[0.694s] -- Up-to-date symlink: /home/aladine/memoir/multi-robot-exploration-rl-master/install/start_rl_environment/share/start_rl_environment/models/goal_box/model.sdf
[0.695s] -- Up-to-date symlink: /home/aladine/memoir/multi-robot-exploration-rl-master/install/start_rl_environment/share/start_rl_environment/models/grey_wall/materials/scripts/grey_wall.material
[0.695s] -- Up-to-date symlink: /home/aladine/memoir/multi-robot-exploration-rl-master/install/start_rl_environment/share/start_rl_environment/models/grey_wall/materials/textures/grey_wall.png
[0.696s] -- Up-to-date symlink: /home/aladine/memoir/multi-robot-exploration-rl-master/install/start_rl_environment/share/start_rl_environment/models/grey_wall/model-1_3.sdf
[0.696s] -- Up-to-date symlink: /home/aladine/memoir/multi-robot-exploration-rl-master/install/start_rl_environment/share/start_rl_environment/models/grey_wall/model-1_4.sdf
[0.697s] -- Up-to-date symlink: /home/aladine/memoir/multi-robot-exploration-rl-master/install/start_rl_environment/share/start_rl_environment/models/grey_wall/model.config
[0.697s] -- Up-to-date symlink: /home/aladine/memoir/multi-robot-exploration-rl-master/install/start_rl_environment/share/start_rl_environment/models/grey_wall/model.sdf
[0.698s] -- Up-to-date symlink: /home/aladine/memoir/multi-robot-exploration-rl-master/install/start_rl_environment/share/start_rl_environment/models/ground_plane/model-1_2.sdf
[0.699s] -- Up-to-date symlink: /home/aladine/memoir/multi-robot-exploration-rl-master/install/start_rl_environment/share/start_rl_environment/models/ground_plane/model-1_3.sdf
[0.701s] -- Up-to-date symlink: /home/aladine/memoir/multi-robot-exploration-rl-master/install/start_rl_environment/share/start_rl_environment/models/ground_plane/model-1_4.sdf
[0.701s] -- Up-to-date symlink: /home/aladine/memoir/multi-robot-exploration-rl-master/install/start_rl_environment/share/start_rl_environment/models/ground_plane/model.config
[0.701s] -- Up-to-date symlink: /home/aladine/memoir/multi-robot-exploration-rl-master/install/start_rl_environment/share/start_rl_environment/models/ground_plane/model.sdf
[0.702s] -- Up-to-date symlink: /home/aladine/memoir/multi-robot-exploration-rl-master/install/start_rl_environment/share/ament_index/resource_index/package_run_dependencies/start_rl_environment
[0.703s] -- Up-to-date symlink: /home/aladine/memoir/multi-robot-exploration-rl-master/install/start_rl_environment/share/ament_index/resource_index/parent_prefix_path/start_rl_environment
[0.704s] -- Up-to-date symlink: /home/aladine/memoir/multi-robot-exploration-rl-master/install/start_rl_environment/share/start_rl_environment/environment/ament_prefix_path.sh
[0.705s] -- Up-to-date symlink: /home/aladine/memoir/multi-robot-exploration-rl-master/install/start_rl_environment/share/start_rl_environment/environment/ament_prefix_path.dsv
[0.705s] -- Up-to-date symlink: /home/aladine/memoir/multi-robot-exploration-rl-master/install/start_rl_environment/share/start_rl_environment/environment/path.sh
[0.705s] -- Up-to-date symlink: /home/aladine/memoir/multi-robot-exploration-rl-master/install/start_rl_environment/share/start_rl_environment/environment/path.dsv
[0.705s] -- Up-to-date symlink: /home/aladine/memoir/multi-robot-exploration-rl-master/install/start_rl_environment/share/start_rl_environment/local_setup.bash
[0.705s] -- Up-to-date symlink: /home/aladine/memoir/multi-robot-exploration-rl-master/install/start_rl_environment/share/start_rl_environment/local_setup.sh
[0.705s] -- Up-to-date symlink: /home/aladine/memoir/multi-robot-exploration-rl-master/install/start_rl_environment/share/start_rl_environment/local_setup.zsh
[0.705s] -- Up-to-date symlink: /home/aladine/memoir/multi-robot-exploration-rl-master/install/start_rl_environment/share/start_rl_environment/local_setup.dsv
[0.706s] -- Symlinking: /home/aladine/memoir/multi-robot-exploration-rl-master/install/start_rl_environment/share/start_rl_environment/package.dsv
[0.727s] -- Up-to-date symlink: /home/aladine/memoir/multi-robot-exploration-rl-master/install/start_rl_environment/share/ament_index/resource_index/packages/start_rl_environment
[0.727s] -- Up-to-date symlink: /home/aladine/memoir/multi-robot-exploration-rl-master/install/start_rl_environment/share/start_rl_environment/cmake/start_rl_environmentConfig.cmake
[0.727s] -- Up-to-date symlink: /home/aladine/memoir/multi-robot-exploration-rl-master/install/start_rl_environment/share/start_rl_environment/cmake/start_rl_environmentConfig-version.cmake
[0.727s] -- Up-to-date symlink: /home/aladine/memoir/multi-robot-exploration-rl-master/install/start_rl_environment/share/start_rl_environment/package.xml
[0.734s] Invoked command in '/home/aladine/memoir/multi-robot-exploration-rl-master/build/start_rl_environment' returned '0': CMAKE_PREFIX_PATH=${CMAKE_PREFIX_PATH}:/home/aladine/memoir/multi-robot-exploration-rl-master/install/start_reinforcement_learning:/opt/ros/humble /usr/bin/cmake --install /home/aladine/memoir/multi-robot-exploration-rl-master/build/start_rl_environment
