[0.998s] Invoking command in '/home/aladine/memoir/multi-robot-exploration-rl-master/build/start_reinforcement_learning': PYTHONPATH=/home/aladine/memoir/multi-robot-exploration-rl-master/build/start_reinforcement_learning/prefix_override:/usr/lib/python3/dist-packages/colcon_core/task/python/colcon_distutils_commands:/home/aladine/memoir/multi-robot-exploration-rl-master/install/start_reinforcement_learning/lib/python3.10/site-packages:${PYTHONPATH} /usr/bin/python3 -W ignore:setup.py install is deprecated -W ignore:easy_install command is deprecated setup.py develop --editable --build-directory /home/aladine/memoir/multi-robot-exploration-rl-master/build/start_reinforcement_learning/build --no-deps symlink_data
[1.419s] running develop
[1.720s] running egg_info
[1.721s] creating start_reinforcement_learning.egg-info
[1.721s] writing start_reinforcement_learning.egg-info/PKG-INFO
[1.721s] writing dependency_links to start_reinforcement_learning.egg-info/dependency_links.txt
[1.721s] writing entry points to start_reinforcement_learning.egg-info/entry_points.txt
[1.722s] writing requirements to start_reinforcement_learning.egg-info/requires.txt
[1.722s] writing top-level names to start_reinforcement_learning.egg-info/top_level.txt
[1.722s] writing manifest file 'start_reinforcement_learning.egg-info/SOURCES.txt'
[1.724s] reading manifest file 'start_reinforcement_learning.egg-info/SOURCES.txt'
[1.725s] writing manifest file 'start_reinforcement_learning.egg-info/SOURCES.txt'
[1.727s] running build_ext
[1.727s] Creating /home/aladine/memoir/multi-robot-exploration-rl-master/install/start_reinforcement_learning/lib/python3.10/site-packages/start-reinforcement-learning.egg-link (link to .)
[1.729s] Installing run_maddpg script to /home/aladine/memoir/multi-robot-exploration-rl-master/install/start_reinforcement_learning/lib/start_reinforcement_learning
[1.729s] 
[1.729s] Installed /home/aladine/memoir/multi-robot-exploration-rl-master/build/start_reinforcement_learning
[1.730s] running symlink_data
[1.730s] creating /home/aladine/memoir/multi-robot-exploration-rl-master/install/start_reinforcement_learning/share/ament_index
[1.730s] creating /home/aladine/memoir/multi-robot-exploration-rl-master/install/start_reinforcement_learning/share/ament_index/resource_index
[1.730s] creating /home/aladine/memoir/multi-robot-exploration-rl-master/install/start_reinforcement_learning/share/ament_index/resource_index/packages
[1.731s] symbolically linking /home/aladine/memoir/multi-robot-exploration-rl-master/build/start_reinforcement_learning/resource/start_reinforcement_learning -> /home/aladine/memoir/multi-robot-exploration-rl-master/install/start_reinforcement_learning/share/ament_index/resource_index/packages
[1.731s] symbolically linking /home/aladine/memoir/multi-robot-exploration-rl-master/build/start_reinforcement_learning/package.xml -> /home/aladine/memoir/multi-robot-exploration-rl-master/install/start_reinforcement_learning/share/start_reinforcement_learning
[1.731s] creating /home/aladine/memoir/multi-robot-exploration-rl-master/install/start_reinforcement_learning/share/start_reinforcement_learning/launch
[1.731s] symbolically linking /home/aladine/memoir/multi-robot-exploration-rl-master/build/start_reinforcement_learning/launch/start_learning.launch.py -> /home/aladine/memoir/multi-robot-exploration-rl-master/install/start_reinforcement_learning/share/start_reinforcement_learning/launch
[1.784s] Invoked command in '/home/aladine/memoir/multi-robot-exploration-rl-master/build/start_reinforcement_learning' returned '0': PYTHONPATH=/home/aladine/memoir/multi-robot-exploration-rl-master/build/start_reinforcement_learning/prefix_override:/usr/lib/python3/dist-packages/colcon_core/task/python/colcon_distutils_commands:/home/aladine/memoir/multi-robot-exploration-rl-master/install/start_reinforcement_learning/lib/python3.10/site-packages:${PYTHONPATH} /usr/bin/python3 -W ignore:setup.py install is deprecated -W ignore:easy_install command is deprecated setup.py develop --editable --build-directory /home/aladine/memoir/multi-robot-exploration-rl-master/build/start_reinforcement_learning/build --no-deps symlink_data
