[1.072s] Invoking command in '/home/aladine/memoir/multi-robot-exploration-rl-master/build/start_reinforcement_learning': PYTHONPATH=/home/aladine/memoir/multi-robot-exploration-rl-master/build/start_reinforcement_learning/prefix_override:/usr/lib/python3/dist-packages/colcon_core/task/python/colcon_distutils_commands:/home/aladine/memoir/multi-robot-exploration-rl-master/install/start_reinforcement_learning/lib/python3.10/site-packages:${PYTHONPATH} /usr/bin/python3 -W ignore:setup.py install is deprecated -W ignore:easy_install command is deprecated setup.py develop --editable --build-directory /home/aladine/memoir/multi-robot-exploration-rl-master/build/start_reinforcement_learning/build --no-deps symlink_data --force
[1.478s] running develop
[1.744s] running egg_info
[1.744s] writing start_reinforcement_learning.egg-info/PKG-INFO
[1.745s] writing dependency_links to start_reinforcement_learning.egg-info/dependency_links.txt
[1.745s] writing entry points to start_reinforcement_learning.egg-info/entry_points.txt
[1.745s] writing requirements to start_reinforcement_learning.egg-info/requires.txt
[1.745s] writing top-level names to start_reinforcement_learning.egg-info/top_level.txt
[1.749s] reading manifest file 'start_reinforcement_learning.egg-info/SOURCES.txt'
[1.751s] writing manifest file 'start_reinforcement_learning.egg-info/SOURCES.txt'
[1.752s] running build_ext
[1.753s] Creating /home/aladine/memoir/multi-robot-exploration-rl-master/install/start_reinforcement_learning/lib/python3.10/site-packages/start-reinforcement-learning.egg-link (link to .)
[1.754s] Installing run_maddpg script to /home/aladine/memoir/multi-robot-exploration-rl-master/install/start_reinforcement_learning/lib/start_reinforcement_learning
[1.754s] Installing run_mappo script to /home/aladine/memoir/multi-robot-exploration-rl-master/install/start_reinforcement_learning/lib/start_reinforcement_learning
[1.754s] Installing run_mappo_evaluate script to /home/aladine/memoir/multi-robot-exploration-rl-master/install/start_reinforcement_learning/lib/start_reinforcement_learning
[1.754s] 
[1.755s] Installed /home/aladine/memoir/multi-robot-exploration-rl-master/build/start_reinforcement_learning
[1.755s] running symlink_data
[1.755s] symbolically linking /home/aladine/memoir/multi-robot-exploration-rl-master/build/start_reinforcement_learning/resource/start_reinforcement_learning -> /home/aladine/memoir/multi-robot-exploration-rl-master/install/start_reinforcement_learning/share/ament_index/resource_index/packages
[1.755s] symbolically linking /home/aladine/memoir/multi-robot-exploration-rl-master/build/start_reinforcement_learning/package.xml -> /home/aladine/memoir/multi-robot-exploration-rl-master/install/start_reinforcement_learning/share/start_reinforcement_learning
[1.755s] symbolically linking /home/aladine/memoir/multi-robot-exploration-rl-master/build/start_reinforcement_learning/launch/start_learning.launch.py -> /home/aladine/memoir/multi-robot-exploration-rl-master/install/start_reinforcement_learning/share/start_reinforcement_learning/launch
[1.755s] symbolically linking /home/aladine/memoir/multi-robot-exploration-rl-master/build/start_reinforcement_learning/launch/evaluate.launch.py -> /home/aladine/memoir/multi-robot-exploration-rl-master/install/start_reinforcement_learning/share/start_reinforcement_learning/launch
[1.800s] Invoked command in '/home/aladine/memoir/multi-robot-exploration-rl-master/build/start_reinforcement_learning' returned '0': PYTHONPATH=/home/aladine/memoir/multi-robot-exploration-rl-master/build/start_reinforcement_learning/prefix_override:/usr/lib/python3/dist-packages/colcon_core/task/python/colcon_distutils_commands:/home/aladine/memoir/multi-robot-exploration-rl-master/install/start_reinforcement_learning/lib/python3.10/site-packages:${PYTHONPATH} /usr/bin/python3 -W ignore:setup.py install is deprecated -W ignore:easy_install command is deprecated setup.py develop --editable --build-directory /home/aladine/memoir/multi-robot-exploration-rl-master/build/start_reinforcement_learning/build --no-deps symlink_data --force
